2.1288 	WARNING 	We strongly recommend you activate the PTB sound engine in PsychoPy prefs as the preferred audio engine. Its timing is vastly superior. Your prefs are currently set to use ['sounddevice', 'PTB', 'pyo', 'pygame'] (in that order).
7.7155 	ERROR 	'-1.0000, -1.0000, -1.0000' is not a valid rgb color
7.7255 	WARNING 	User requested fullscreen with size [1280  720], but screen is actually [1920, 1080]. Using actual size
9.5678 	EXP 	Created window1 = Window(allowGUI=False, allowStencil=False, autoLog=True, backendConf=UNKNOWN, bitsMode=UNKNOWN, blendMode='avg', bpc=(8, 8, 8), color=array([0, 0, 0]), colorSpace='rgb', depthBits=8, fullscr=<method-wrapper '__getattribute__' of attributeSetter object at 0x000001B0722FBD30>, gamma=None, gammaErrorPolicy='raise', lms=UNKNOWN, monitor=<psychopy.monitors.calibTools.Monitor object at 0x000001B0722E61D0>, multiSample=False, name='window1', numSamples=2, pos=[0.0, 0.0], screen=0, size=array([1920, 1080]), stencilBits=0, stereo=False, units='height', useFBO=True, useRetina=False, viewOri=0.0, viewPos=None, viewScale=None, waitBlanking=True, winType='pyglet')
9.5684 	EXP 	window1: mouseVisible = True
9.5685 	EXP 	window1: recordFrameIntervals = False
9.7334 	EXP 	window1: recordFrameIntervals = True
9.9169 	EXP 	window1: recordFrameIntervals = False
10.5249 	EXP 	Created intro_1 = TextStim(__class__=<class 'psychopy.visual.text.TextStim'>, alignHoriz=method-wrapper(...), alignText='center', alignVert=method-wrapper(...), anchorHoriz='center', anchorVert='center', antialias=True, autoLog=True, bold=False, color=array([1., 1., 1.]), colorSpace='rgb', contrast=1.0, depth=0.0, flipHoriz=False, flipVert=False, font='Open Sans', fontFiles=[], height=0.035, italic=False, languageStyle='LTR', name='intro_1', opacity=1, ori=0.0, pos=array([0., 0.]), rgb=UNKNOWN, text=str(...), units='height', win=Window(...), wrapWidth=1)
10.5451 	EXP 	Created text_2 = TextStim(__class__=<class 'psychopy.visual.text.TextStim'>, alignHoriz=method-wrapper(...), alignText='center', alignVert=method-wrapper(...), anchorHoriz='center', anchorVert='center', antialias=True, autoLog=True, bold=False, color=array([1., 1., 1.]), colorSpace='rgb', contrast=1.0, depth=0.0, flipHoriz=False, flipVert=False, font='Open Sans', fontFiles=[], height=0.035, italic=False, languageStyle='LTR', name='text_2', opacity=1, ori=0.0, pos=array([0., 0.]), rgb=UNKNOWN, text=str(...), units='height', win=Window(...), wrapWidth=1)
10.5570 	EXP 	Created image = ImageStim(__class__=<class 'psychopy.visual.image.ImageStim'>, autoLog=True, color=array([1., 1., 1.]), colorSpace='rgb', contrast=1.0, depth=0.0, flipHoriz=False, flipVert=False, image='sin', interpolate=True, mask=None, maskParams=None, name='image', opacity=1, ori=0.0, pos=array([0.  , 0.26]), size=array([0.5, 0.5]), texRes=128.0, units='height', win=Window(...))
10.5740 	EXP 	Created FamQ = TextStim(__class__=<class 'psychopy.visual.text.TextStim'>, alignHoriz=method-wrapper(...), alignText='center', alignVert=method-wrapper(...), anchorHoriz='center', anchorVert='center', antialias=True, autoLog=True, bold=False, color=array([1., 1., 1.]), colorSpace='rgb', contrast=1.0, depth=-1.0, flipHoriz=False, flipVert=False, font='Open Sans', fontFiles=[], height=0.03, italic=False, languageStyle='LTR', name='FamQ', opacity=1, ori=0.0, pos=array([-0.5 , -0.08]), rgb=UNKNOWN, text='How familiar is this food item to you?', units='height', win=Window(...), wrapWidth=1)
10.5857 	EXP 	window1: mouseVisible = True
10.6071 	EXP 	Created FamSlider = Slider(__class__=<class 'psychopy.visual.slider.Slider'>, autoDraw=False, autoLog=True, borderColor=None, color=None, colorSpace='rgb', depth=-2, fillColor=None, flip=False, font='Open Sans', granularity=0.0, labelHeight=0.03, labelWrapWidth=None, labels=('Not at all', 'Extremely'), name='FamSlider', opacity=None, pos=(0.5, -0.08), readOnly=False, self=UNKNOWN, size=(0.4, 0.04), startValue=None, style=method-wrapper(...), styleTweaks=method-wrapper(...), ticks=array([1, 2, 3, 4, 5, 6, 7]), units='height', win=Window(...))
10.6213 	EXP 	Created ComfQ = TextStim(__class__=<class 'psychopy.visual.text.TextStim'>, alignHoriz=method-wrapper(...), alignText='center', alignVert=method-wrapper(...), anchorHoriz='center', anchorVert='center', antialias=True, autoLog=True, bold=False, color=array([1., 1., 1.]), colorSpace='rgb', contrast=1.0, depth=-3.0, flipHoriz=False, flipVert=False, font='Open Sans', fontFiles=[], height=0.03, italic=False, languageStyle='LTR', name='ComfQ', opacity=1, ori=0.0, pos=array([-0.4, -0.3]), rgb=UNKNOWN, text=str(...), units='height', win=Window(...), wrapWidth=1)
10.6301 	EXP 	window1: mouseVisible = True
10.6455 	EXP 	Created ComfSlider = Slider(__class__=<class 'psychopy.visual.slider.Slider'>, autoDraw=False, autoLog=True, borderColor=None, color=None, colorSpace='rgb', depth=-4, fillColor=None, flip=False, font='Open Sans', granularity=0.0, labelHeight=0.03, labelWrapWidth=None, labels=('Not at all', 'Extremely'), name='ComfSlider', opacity=None, pos=(0.5, -0.3), readOnly=False, self=UNKNOWN, size=(0.4, 0.04), startValue=None, style=method-wrapper(...), styleTweaks=method-wrapper(...), ticks=array([1, 2, 3, 4, 5, 6, 7]), units='height', win=Window(...))
10.6580 	EXP 	Created NosQ = TextStim(__class__=<class 'psychopy.visual.text.TextStim'>, alignHoriz=method-wrapper(...), alignText='center', alignVert=method-wrapper(...), anchorHoriz='center', anchorVert='center', antialias=True, autoLog=True, bold=False, color=array([1., 1., 1.]), colorSpace='rgb', contrast=1.0, depth=-5.0, flipHoriz=False, flipVert=False, font='Open Sans', fontFiles=[], height=0.03, italic=False, languageStyle='LTR', name='NosQ', opacity=1, ori=0.0, pos=array([-0.39, -0.4 ]), rgb=UNKNOWN, text=str(...), units='height', win=Window(...), wrapWidth=1)
10.6670 	EXP 	window1: mouseVisible = True
10.6836 	EXP 	Created NosSlider = Slider(__class__=<class 'psychopy.visual.slider.Slider'>, autoDraw=False, autoLog=True, borderColor=None, color=None, colorSpace='rgb', depth=-6, fillColor=None, flip=False, font='Open Sans', granularity=0.0, labelHeight=0.03, labelWrapWidth=None, labels=('Not at all', 'Extremely'), name='NosSlider', opacity=None, pos=(0.5, -0.4), readOnly=False, self=UNKNOWN, size=(0.4, 0.04), startValue=None, style=method-wrapper(...), styleTweaks=method-wrapper(...), ticks=array([1, 2, 3, 4, 5, 6, 7]), units='height', win=Window(...))
10.6980 	EXP 	Created text_3 = TextStim(__class__=<class 'psychopy.visual.text.TextStim'>, alignHoriz=method-wrapper(...), alignText='center', alignVert=method-wrapper(...), anchorHoriz='center', anchorVert='center', antialias=True, autoLog=True, bold=False, color=array([1., 1., 1.]), colorSpace='rgb', contrast=1.0, depth=0.0, flipHoriz=False, flipVert=False, font='Open Sans', fontFiles=[], height=0.035, italic=False, languageStyle='LTR', name='text_3', opacity=1, ori=0.0, pos=array([0., 0.]), rgb=UNKNOWN, text=str(...), units='height', win=Window(...), wrapWidth=1)
10.7073 	EXP 	Created text = TextStim(__class__=<class 'psychopy.visual.text.TextStim'>, alignHoriz=method-wrapper(...), alignText='center', alignVert=method-wrapper(...), anchorHoriz='center', anchorVert='center', antialias=True, autoLog=True, bold=False, color=array([1., 1., 1.]), colorSpace='rgb', contrast=1.0, depth=0.0, flipHoriz=False, flipVert=False, font='Open Sans', fontFiles=[], height=0.1, italic=False, languageStyle='LTR', name='text', opacity=1, ori=0.0, pos=array([0., 0.]), rgb=UNKNOWN, text='+', units='height', win=Window(...), wrapWidth=1)
10.7118 	EXP 	Created image = ImageStim(__class__=<class 'psychopy.visual.image.ImageStim'>, autoLog=True, color=array([1., 1., 1.]), colorSpace='rgb', contrast=1.0, depth=0.0, flipHoriz=False, flipVert=False, image='sin', interpolate=True, mask=None, maskParams=None, name='image', opacity=1, ori=0.0, pos=array([0.  , 0.26]), size=array([0.5, 0.5]), texRes=128.0, units='height', win=Window(...))
10.7222 	EXP 	Created FamQ = TextStim(__class__=<class 'psychopy.visual.text.TextStim'>, alignHoriz=method-wrapper(...), alignText='center', alignVert=method-wrapper(...), anchorHoriz='center', anchorVert='center', antialias=True, autoLog=True, bold=False, color=array([1., 1., 1.]), colorSpace='rgb', contrast=1.0, depth=-1.0, flipHoriz=False, flipVert=False, font='Open Sans', fontFiles=[], height=0.03, italic=False, languageStyle='LTR', name='FamQ', opacity=1, ori=0.0, pos=array([-0.5 , -0.08]), rgb=UNKNOWN, text='How familiar is this food item to you?', units='height', win=Window(...), wrapWidth=1)
10.7322 	EXP 	window1: mouseVisible = True
10.7511 	EXP 	Created FamSlider = Slider(__class__=<class 'psychopy.visual.slider.Slider'>, autoDraw=False, autoLog=True, borderColor=None, color=None, colorSpace='rgb', depth=-2, fillColor=None, flip=False, font='Open Sans', granularity=0.0, labelHeight=0.03, labelWrapWidth=None, labels=('Not at all', 'Extremely'), name='FamSlider', opacity=None, pos=(0.5, -0.08), readOnly=False, self=UNKNOWN, size=(0.4, 0.04), startValue=None, style=method-wrapper(...), styleTweaks=method-wrapper(...), ticks=array([1, 2, 3, 4, 5, 6, 7]), units='height', win=Window(...))
10.7640 	EXP 	Created ComfQ = TextStim(__class__=<class 'psychopy.visual.text.TextStim'>, alignHoriz=method-wrapper(...), alignText='center', alignVert=method-wrapper(...), anchorHoriz='center', anchorVert='center', antialias=True, autoLog=True, bold=False, color=array([1., 1., 1.]), colorSpace='rgb', contrast=1.0, depth=-3.0, flipHoriz=False, flipVert=False, font='Open Sans', fontFiles=[], height=0.03, italic=False, languageStyle='LTR', name='ComfQ', opacity=1, ori=0.0, pos=array([-0.4, -0.3]), rgb=UNKNOWN, text=str(...), units='height', win=Window(...), wrapWidth=1)
10.7719 	EXP 	window1: mouseVisible = True
10.7884 	EXP 	Created ComfSlider = Slider(__class__=<class 'psychopy.visual.slider.Slider'>, autoDraw=False, autoLog=True, borderColor=None, color=None, colorSpace='rgb', depth=-4, fillColor=None, flip=False, font='Open Sans', granularity=0.0, labelHeight=0.03, labelWrapWidth=None, labels=('Not at all', 'Extremely'), name='ComfSlider', opacity=None, pos=(0.5, -0.3), readOnly=False, self=UNKNOWN, size=(0.4, 0.04), startValue=None, style=method-wrapper(...), styleTweaks=method-wrapper(...), ticks=array([1, 2, 3, 4, 5, 6, 7]), units='height', win=Window(...))
10.8012 	EXP 	Created NosQ = TextStim(__class__=<class 'psychopy.visual.text.TextStim'>, alignHoriz=method-wrapper(...), alignText='center', alignVert=method-wrapper(...), anchorHoriz='center', anchorVert='center', antialias=True, autoLog=True, bold=False, color=array([1., 1., 1.]), colorSpace='rgb', contrast=1.0, depth=-5.0, flipHoriz=False, flipVert=False, font='Open Sans', fontFiles=[], height=0.03, italic=False, languageStyle='LTR', name='NosQ', opacity=1, ori=0.0, pos=array([-0.39, -0.4 ]), rgb=UNKNOWN, text=str(...), units='height', win=Window(...), wrapWidth=1)
10.8088 	EXP 	window1: mouseVisible = True
10.8221 	EXP 	Created NosSlider = Slider(__class__=<class 'psychopy.visual.slider.Slider'>, autoDraw=False, autoLog=True, borderColor=None, color=None, colorSpace='rgb', depth=-6, fillColor=None, flip=False, font='Open Sans', granularity=0.0, labelHeight=0.03, labelWrapWidth=None, labels=('Not at all', 'Extremely'), name='NosSlider', opacity=None, pos=(0.5, -0.4), readOnly=False, self=UNKNOWN, size=(0.4, 0.04), startValue=None, style=method-wrapper(...), styleTweaks=method-wrapper(...), ticks=array([1, 2, 3, 4, 5, 6, 7]), units='height', win=Window(...))
10.8602 	EXP 	FamSlider: autoLog = True
10.8602 	EXP 	FamSlider: markerPos = None
10.8602 	EXP 	FamSlider: rating = None
10.8602 	EXP 	FamSlider: markerPos = None
10.8602 	EXP 	FamSlider: contrast = 1.0
10.8602 	EXP 	FamSlider: autoLog = True
10.8602 	EXP 	FamSlider: styleTweaks = []
10.8602 	EXP 	FamSlider: style = 'rating'
10.8602 	EXP 	FamSlider: styleTweaks = []
10.8602 	EXP 	ComfSlider: autoLog = True
10.8602 	EXP 	ComfSlider: markerPos = None
10.8602 	EXP 	ComfSlider: rating = None
10.8602 	EXP 	ComfSlider: markerPos = None
10.8602 	EXP 	ComfSlider: contrast = 1.0
10.8602 	EXP 	ComfSlider: autoLog = True
10.8602 	EXP 	ComfSlider: styleTweaks = []
10.8602 	EXP 	ComfSlider: style = 'rating'
10.8602 	EXP 	ComfSlider: styleTweaks = []
10.8602 	EXP 	NosSlider: autoLog = True
10.8602 	EXP 	NosSlider: markerPos = None
10.8602 	EXP 	NosSlider: rating = None
10.8602 	EXP 	NosSlider: markerPos = None
10.8602 	EXP 	NosSlider: contrast = 1.0
10.8602 	EXP 	NosSlider: autoLog = True
10.8602 	EXP 	NosSlider: styleTweaks = []
10.8602 	EXP 	NosSlider: style = 'rating'
10.8602 	EXP 	NosSlider: styleTweaks = []
10.8602 	EXP 	FamSlider: autoLog = True
10.8602 	EXP 	FamSlider: markerPos = None
10.8602 	EXP 	FamSlider: rating = None
10.8602 	EXP 	FamSlider: markerPos = None
10.8602 	EXP 	FamSlider: contrast = 1.0
10.8602 	EXP 	FamSlider: autoLog = True
10.8602 	EXP 	FamSlider: styleTweaks = []
10.8602 	EXP 	FamSlider: style = 'rating'
10.8602 	EXP 	FamSlider: styleTweaks = []
10.8602 	EXP 	ComfSlider: autoLog = True
10.8602 	EXP 	ComfSlider: markerPos = None
10.8602 	EXP 	ComfSlider: rating = None
10.8602 	EXP 	ComfSlider: markerPos = None
10.8602 	EXP 	ComfSlider: contrast = 1.0
10.8602 	EXP 	ComfSlider: autoLog = True
10.8602 	EXP 	ComfSlider: styleTweaks = []
10.8602 	EXP 	ComfSlider: style = 'rating'
10.8602 	EXP 	ComfSlider: styleTweaks = []
10.8602 	EXP 	NosSlider: autoLog = True
10.8602 	EXP 	NosSlider: markerPos = None
10.8602 	EXP 	NosSlider: rating = None
10.8602 	EXP 	NosSlider: markerPos = None
10.8602 	EXP 	NosSlider: contrast = 1.0
10.8602 	EXP 	NosSlider: autoLog = True
10.8602 	EXP 	NosSlider: styleTweaks = []
10.8602 	EXP 	NosSlider: style = 'rating'
10.8602 	EXP 	NosSlider: styleTweaks = []
10.8602 	EXP 	intro_1: autoDraw = True
11.8238 	DATA 	Keypress: space
11.8479 	EXP 	intro_1: autoDraw = False
11.8479 	EXP 	text_2: autoDraw = True
12.1702 	EXP 	Imported demoImageList.xlsx as conditions, 4 conditions, 3 params
12.1718 	EXP 	Created sequence: random, trialTypes=4, nReps=1, seed=None
12.1730 	EXP 	New trial (rep=0, index=0): {'ImageFile': 'images/Caucasian/baconEggCheese.jpg', 'ImageName': 'baconEggCheese.jpg', 'FoodType': 'DEMO'}
12.2629 	DATA 	Keypress: space
12.2859 	EXP 	text_2: autoDraw = False
12.2859 	EXP 	image: size = array([0.46296296, 0.46203704])
12.2859 	EXP 	image: image = 'images/Caucasian/baconEggCheese.jpg'
12.2859 	EXP 	FamSlider: markerPos = None
12.2859 	EXP 	FamSlider: markerPos = None
12.2859 	EXP 	FamSlider: rating = None
12.2859 	EXP 	ComfSlider: markerPos = None
12.2859 	EXP 	ComfSlider: markerPos = None
12.2859 	EXP 	ComfSlider: rating = None
12.2859 	EXP 	NosSlider: markerPos = None
12.2859 	EXP 	NosSlider: markerPos = None
12.2859 	EXP 	NosSlider: rating = None
12.2859 	EXP 	image: autoDraw = True
12.2859 	EXP 	FamQ: autoDraw = True
12.2859 	EXP 	FamSlider: autoDraw = True
12.2859 	EXP 	ComfQ: autoDraw = True
12.2859 	EXP 	ComfSlider: autoDraw = True
12.2859 	EXP 	NosQ: autoDraw = True
12.2859 	EXP 	NosSlider: autoDraw = True
20.1771 	EXP 	New trial (rep=0, index=1): {'ImageFile': None, 'ImageName': None, 'FoodType': None}
20.2561 	EXP 	image: autoDraw = False
20.2561 	EXP 	FamQ: autoDraw = False
20.2561 	EXP 	FamSlider: autoDraw = False
20.2561 	EXP 	ComfQ: autoDraw = False
20.2561 	EXP 	ComfSlider: autoDraw = False
20.2561 	EXP 	NosQ: autoDraw = False
20.2561 	EXP 	NosSlider: autoDraw = False
20.2561 	EXP 	image: size = array([0.46296296, 0.46203704])
20.2561 	EXP 	image: image = None
20.2561 	EXP 	FamSlider: markerPos = None
20.2561 	EXP 	FamSlider: markerPos = None
20.2561 	EXP 	FamSlider: rating = None
20.2561 	EXP 	ComfSlider: markerPos = None
20.2561 	EXP 	ComfSlider: markerPos = None
20.2561 	EXP 	ComfSlider: rating = None
20.2561 	EXP 	NosSlider: markerPos = None
20.2561 	EXP 	NosSlider: markerPos = None
20.2561 	EXP 	NosSlider: rating = None
20.2561 	EXP 	image: autoDraw = True
20.2561 	EXP 	FamQ: autoDraw = True
20.2561 	EXP 	FamSlider: autoDraw = True
20.2561 	EXP 	ComfQ: autoDraw = True
20.2561 	EXP 	ComfSlider: autoDraw = True
20.2561 	EXP 	NosQ: autoDraw = True
20.2561 	EXP 	NosSlider: autoDraw = True
26.8741 	DATA 	Keypress: escape
27.2228 	EXP 	window1: mouseVisible = True
2.1158 	WARNING 	We strongly recommend you activate the PTB sound engine in PsychoPy prefs as the preferred audio engine. Its timing is vastly superior. Your prefs are currently set to use ['sounddevice', 'PTB', 'pyo', 'pygame'] (in that order).
5.9456 	ERROR 	'-1.0000, -1.0000, -1.0000' is not a valid rgb color
5.9608 	WARNING 	User requested fullscreen with size [1280  720], but screen is actually [1920, 1080]. Using actual size
7.8033 	EXP 	Created window1 = Window(allowGUI=False, allowStencil=False, autoLog=True, backendConf=UNKNOWN, bitsMode=UNKNOWN, blendMode='avg', bpc=(8, 8, 8), color=array([0, 0, 0]), colorSpace='rgb', depthBits=8, fullscr=<method-wrapper '__getattribute__' of attributeSetter object at 0x0000024C1850BDD8>, gamma=None, gammaErrorPolicy='raise', lms=UNKNOWN, monitor=<psychopy.monitors.calibTools.Monitor object at 0x0000024C184F5240>, multiSample=False, name='window1', numSamples=2, pos=[0.0, 0.0], screen=0, size=array([1920, 1080]), stencilBits=0, stereo=False, units='height', useFBO=True, useRetina=False, viewOri=0.0, viewPos=None, viewScale=None, waitBlanking=True, winType='pyglet')
7.8040 	EXP 	window1: mouseVisible = True
7.8041 	EXP 	window1: recordFrameIntervals = False
7.9682 	EXP 	window1: recordFrameIntervals = True
8.1518 	EXP 	window1: recordFrameIntervals = False
8.8329 	EXP 	Created intro_1 = TextStim(__class__=<class 'psychopy.visual.text.TextStim'>, alignHoriz=method-wrapper(...), alignText='center', alignVert=method-wrapper(...), anchorHoriz='center', anchorVert='center', antialias=True, autoLog=True, bold=False, color=array([1., 1., 1.]), colorSpace='rgb', contrast=1.0, depth=0.0, flipHoriz=False, flipVert=False, font='Open Sans', fontFiles=[], height=0.035, italic=False, languageStyle='LTR', name='intro_1', opacity=1, ori=0.0, pos=array([0., 0.]), rgb=UNKNOWN, text=str(...), units='height', win=Window(...), wrapWidth=1)
8.8543 	EXP 	Created text_2 = TextStim(__class__=<class 'psychopy.visual.text.TextStim'>, alignHoriz=method-wrapper(...), alignText='center', alignVert=method-wrapper(...), anchorHoriz='center', anchorVert='center', antialias=True, autoLog=True, bold=False, color=array([1., 1., 1.]), colorSpace='rgb', contrast=1.0, depth=0.0, flipHoriz=False, flipVert=False, font='Open Sans', fontFiles=[], height=0.035, italic=False, languageStyle='LTR', name='text_2', opacity=1, ori=0.0, pos=array([0., 0.]), rgb=UNKNOWN, text=str(...), units='height', win=Window(...), wrapWidth=1)
8.8686 	EXP 	Created image = ImageStim(__class__=<class 'psychopy.visual.image.ImageStim'>, autoLog=True, color=array([1., 1., 1.]), colorSpace='rgb', contrast=1.0, depth=0.0, flipHoriz=False, flipVert=False, image='sin', interpolate=True, mask=None, maskParams=None, name='image', opacity=1, ori=0.0, pos=array([0.  , 0.26]), size=array([0.5, 0.5]), texRes=128.0, units='height', win=Window(...))
8.8865 	EXP 	Created FamQ = TextStim(__class__=<class 'psychopy.visual.text.TextStim'>, alignHoriz=method-wrapper(...), alignText='center', alignVert=method-wrapper(...), anchorHoriz='center', anchorVert='center', antialias=True, autoLog=True, bold=False, color=array([1., 1., 1.]), colorSpace='rgb', contrast=1.0, depth=-1.0, flipHoriz=False, flipVert=False, font='Open Sans', fontFiles=[], height=0.03, italic=False, languageStyle='LTR', name='FamQ', opacity=1, ori=0.0, pos=array([-0.5 , -0.08]), rgb=UNKNOWN, text='How familiar is this food item to you?', units='height', win=Window(...), wrapWidth=1)
8.8977 	EXP 	window1: mouseVisible = True
8.9194 	EXP 	Created FamSlider = Slider(__class__=<class 'psychopy.visual.slider.Slider'>, autoDraw=False, autoLog=True, borderColor=None, color=None, colorSpace='rgb', depth=-2, fillColor=None, flip=False, font='Open Sans', granularity=0.0, labelHeight=0.03, labelWrapWidth=None, labels=('Not at all', 'Extremely'), name='FamSlider', opacity=None, pos=(0.5, -0.08), readOnly=False, self=UNKNOWN, size=(0.4, 0.04), startValue=None, style=method-wrapper(...), styleTweaks=method-wrapper(...), ticks=array([1, 2, 3, 4, 5, 6, 7]), units='height', win=Window(...))
8.9337 	EXP 	Created ComfQ = TextStim(__class__=<class 'psychopy.visual.text.TextStim'>, alignHoriz=method-wrapper(...), alignText='center', alignVert=method-wrapper(...), anchorHoriz='center', anchorVert='center', antialias=True, autoLog=True, bold=False, color=array([1., 1., 1.]), colorSpace='rgb', contrast=1.0, depth=-3.0, flipHoriz=False, flipVert=False, font='Open Sans', fontFiles=[], height=0.03, italic=False, languageStyle='LTR', name='ComfQ', opacity=1, ori=0.0, pos=array([-0.4, -0.2]), rgb=UNKNOWN, text=str(...), units='height', win=Window(...), wrapWidth=1)
8.9418 	EXP 	window1: mouseVisible = True
8.9568 	EXP 	Created ComfSlider = Slider(__class__=<class 'psychopy.visual.slider.Slider'>, autoDraw=False, autoLog=True, borderColor=None, color=None, colorSpace='rgb', depth=-4, fillColor=None, flip=False, font='Open Sans', granularity=0.0, labelHeight=0.03, labelWrapWidth=None, labels=('Not at all', 'Extremely'), name='ComfSlider', opacity=None, pos=(0.5, -0.2), readOnly=False, self=UNKNOWN, size=(0.4, 0.04), startValue=None, style=method-wrapper(...), styleTweaks=method-wrapper(...), ticks=array([1, 2, 3, 4, 5, 6, 7]), units='height', win=Window(...))
8.9682 	EXP 	Created NosQ = TextStim(__class__=<class 'psychopy.visual.text.TextStim'>, alignHoriz=method-wrapper(...), alignText='center', alignVert=method-wrapper(...), anchorHoriz='center', anchorVert='center', antialias=True, autoLog=True, bold=False, color=array([1., 1., 1.]), colorSpace='rgb', contrast=1.0, depth=-5.0, flipHoriz=False, flipVert=False, font='Open Sans', fontFiles=[], height=0.03, italic=False, languageStyle='LTR', name='NosQ', opacity=1, ori=0.0, pos=array([-0.39, -0.4 ]), rgb=UNKNOWN, text=str(...), units='height', win=Window(...), wrapWidth=1)
8.9756 	EXP 	window1: mouseVisible = True
8.9910 	EXP 	Created NosSlider = Slider(__class__=<class 'psychopy.visual.slider.Slider'>, autoDraw=False, autoLog=True, borderColor=None, color=None, colorSpace='rgb', depth=-6, fillColor=None, flip=False, font='Open Sans', granularity=0.0, labelHeight=0.03, labelWrapWidth=None, labels=('Not at all', 'Extremely'), name='NosSlider', opacity=None, pos=(0.5, -0.4), readOnly=False, self=UNKNOWN, size=(0.4, 0.04), startValue=None, style=method-wrapper(...), styleTweaks=method-wrapper(...), ticks=array([1, 2, 3, 4, 5, 6, 7]), units='height', win=Window(...))
9.0044 	EXP 	Created text_3 = TextStim(__class__=<class 'psychopy.visual.text.TextStim'>, alignHoriz=method-wrapper(...), alignText='center', alignVert=method-wrapper(...), anchorHoriz='center', anchorVert='center', antialias=True, autoLog=True, bold=False, color=array([1., 1., 1.]), colorSpace='rgb', contrast=1.0, depth=0.0, flipHoriz=False, flipVert=False, font='Open Sans', fontFiles=[], height=0.035, italic=False, languageStyle='LTR', name='text_3', opacity=1, ori=0.0, pos=array([0., 0.]), rgb=UNKNOWN, text=str(...), units='height', win=Window(...), wrapWidth=1)
9.0133 	EXP 	Created text = TextStim(__class__=<class 'psychopy.visual.text.TextStim'>, alignHoriz=method-wrapper(...), alignText='center', alignVert=method-wrapper(...), anchorHoriz='center', anchorVert='center', antialias=True, autoLog=True, bold=False, color=array([1., 1., 1.]), colorSpace='rgb', contrast=1.0, depth=0.0, flipHoriz=False, flipVert=False, font='Open Sans', fontFiles=[], height=0.1, italic=False, languageStyle='LTR', name='text', opacity=1, ori=0.0, pos=array([0., 0.]), rgb=UNKNOWN, text='+', units='height', win=Window(...), wrapWidth=1)
9.0172 	EXP 	Created image = ImageStim(__class__=<class 'psychopy.visual.image.ImageStim'>, autoLog=True, color=array([1., 1., 1.]), colorSpace='rgb', contrast=1.0, depth=0.0, flipHoriz=False, flipVert=False, image='sin', interpolate=True, mask=None, maskParams=None, name='image', opacity=1, ori=0.0, pos=array([0.  , 0.26]), size=array([0.5, 0.5]), texRes=128.0, units='height', win=Window(...))
9.0261 	EXP 	Created FamQ = TextStim(__class__=<class 'psychopy.visual.text.TextStim'>, alignHoriz=method-wrapper(...), alignText='center', alignVert=method-wrapper(...), anchorHoriz='center', anchorVert='center', antialias=True, autoLog=True, bold=False, color=array([1., 1., 1.]), colorSpace='rgb', contrast=1.0, depth=-1.0, flipHoriz=False, flipVert=False, font='Open Sans', fontFiles=[], height=0.03, italic=False, languageStyle='LTR', name='FamQ', opacity=1, ori=0.0, pos=array([-0.5 , -0.08]), rgb=UNKNOWN, text='How familiar is this food item to you?', units='height', win=Window(...), wrapWidth=1)
9.0340 	EXP 	window1: mouseVisible = True
9.0497 	EXP 	Created FamSlider = Slider(__class__=<class 'psychopy.visual.slider.Slider'>, autoDraw=False, autoLog=True, borderColor=None, color=None, colorSpace='rgb', depth=-2, fillColor=None, flip=False, font='Open Sans', granularity=0.0, labelHeight=0.03, labelWrapWidth=None, labels=('Not at all', 'Extremely'), name='FamSlider', opacity=None, pos=(0.5, -0.08), readOnly=False, self=UNKNOWN, size=(0.4, 0.04), startValue=None, style=method-wrapper(...), styleTweaks=method-wrapper(...), ticks=array([1, 2, 3, 4, 5, 6, 7]), units='height', win=Window(...))
9.0609 	EXP 	Created ComfQ = TextStim(__class__=<class 'psychopy.visual.text.TextStim'>, alignHoriz=method-wrapper(...), alignText='center', alignVert=method-wrapper(...), anchorHoriz='center', anchorVert='center', antialias=True, autoLog=True, bold=False, color=array([1., 1., 1.]), colorSpace='rgb', contrast=1.0, depth=-3.0, flipHoriz=False, flipVert=False, font='Open Sans', fontFiles=[], height=0.03, italic=False, languageStyle='LTR', name='ComfQ', opacity=1, ori=0.0, pos=array([-0.4, -0.2]), rgb=UNKNOWN, text=str(...), units='height', win=Window(...), wrapWidth=1)
9.0696 	EXP 	window1: mouseVisible = True
9.0847 	EXP 	Created ComfSlider = Slider(__class__=<class 'psychopy.visual.slider.Slider'>, autoDraw=False, autoLog=True, borderColor=None, color=None, colorSpace='rgb', depth=-4, fillColor=None, flip=False, font='Open Sans', granularity=0.0, labelHeight=0.03, labelWrapWidth=None, labels=('Not at all', 'Extremely'), name='ComfSlider', opacity=None, pos=(0.5, -0.2), readOnly=False, self=UNKNOWN, size=(0.4, 0.04), startValue=None, style=method-wrapper(...), styleTweaks=method-wrapper(...), ticks=array([1, 2, 3, 4, 5, 6, 7]), units='height', win=Window(...))
9.0968 	EXP 	Created NosQ = TextStim(__class__=<class 'psychopy.visual.text.TextStim'>, alignHoriz=method-wrapper(...), alignText='center', alignVert=method-wrapper(...), anchorHoriz='center', anchorVert='center', antialias=True, autoLog=True, bold=False, color=array([1., 1., 1.]), colorSpace='rgb', contrast=1.0, depth=-5.0, flipHoriz=False, flipVert=False, font='Open Sans', fontFiles=[], height=0.03, italic=False, languageStyle='LTR', name='NosQ', opacity=1, ori=0.0, pos=array([-0.39, -0.4 ]), rgb=UNKNOWN, text=str(...), units='height', win=Window(...), wrapWidth=1)
9.1054 	EXP 	window1: mouseVisible = True
9.1206 	EXP 	Created NosSlider = Slider(__class__=<class 'psychopy.visual.slider.Slider'>, autoDraw=False, autoLog=True, borderColor=None, color=None, colorSpace='rgb', depth=-6, fillColor=None, flip=False, font='Open Sans', granularity=0.0, labelHeight=0.03, labelWrapWidth=None, labels=('Not at all', 'Extremely'), name='NosSlider', opacity=None, pos=(0.5, -0.4), readOnly=False, self=UNKNOWN, size=(0.4, 0.04), startValue=None, style=method-wrapper(...), styleTweaks=method-wrapper(...), ticks=array([1, 2, 3, 4, 5, 6, 7]), units='height', win=Window(...))
9.1597 	EXP 	FamSlider: autoLog = True
9.1597 	EXP 	FamSlider: markerPos = None
9.1597 	EXP 	FamSlider: rating = None
9.1597 	EXP 	FamSlider: markerPos = None
9.1597 	EXP 	FamSlider: contrast = 1.0
9.1597 	EXP 	FamSlider: autoLog = True
9.1597 	EXP 	FamSlider: styleTweaks = []
9.1597 	EXP 	FamSlider: style = 'rating'
9.1597 	EXP 	FamSlider: styleTweaks = []
9.1597 	EXP 	ComfSlider: autoLog = True
9.1597 	EXP 	ComfSlider: markerPos = None
9.1597 	EXP 	ComfSlider: rating = None
9.1597 	EXP 	ComfSlider: markerPos = None
9.1597 	EXP 	ComfSlider: contrast = 1.0
9.1597 	EXP 	ComfSlider: autoLog = True
9.1597 	EXP 	ComfSlider: styleTweaks = []
9.1597 	EXP 	ComfSlider: style = 'rating'
9.1597 	EXP 	ComfSlider: styleTweaks = []
9.1597 	EXP 	NosSlider: autoLog = True
9.1597 	EXP 	NosSlider: markerPos = None
9.1597 	EXP 	NosSlider: rating = None
9.1597 	EXP 	NosSlider: markerPos = None
9.1597 	EXP 	NosSlider: contrast = 1.0
9.1597 	EXP 	NosSlider: autoLog = True
9.1597 	EXP 	NosSlider: styleTweaks = []
9.1597 	EXP 	NosSlider: style = 'rating'
9.1597 	EXP 	NosSlider: styleTweaks = []
9.1597 	EXP 	FamSlider: autoLog = True
9.1597 	EXP 	FamSlider: markerPos = None
9.1597 	EXP 	FamSlider: rating = None
9.1597 	EXP 	FamSlider: markerPos = None
9.1597 	EXP 	FamSlider: contrast = 1.0
9.1597 	EXP 	FamSlider: autoLog = True
9.1597 	EXP 	FamSlider: styleTweaks = []
9.1597 	EXP 	FamSlider: style = 'rating'
9.1597 	EXP 	FamSlider: styleTweaks = []
9.1597 	EXP 	ComfSlider: autoLog = True
9.1597 	EXP 	ComfSlider: markerPos = None
9.1597 	EXP 	ComfSlider: rating = None
9.1597 	EXP 	ComfSlider: markerPos = None
9.1597 	EXP 	ComfSlider: contrast = 1.0
9.1597 	EXP 	ComfSlider: autoLog = True
9.1597 	EXP 	ComfSlider: styleTweaks = []
9.1597 	EXP 	ComfSlider: style = 'rating'
9.1597 	EXP 	ComfSlider: styleTweaks = []
9.1597 	EXP 	NosSlider: autoLog = True
9.1597 	EXP 	NosSlider: markerPos = None
9.1597 	EXP 	NosSlider: rating = None
9.1597 	EXP 	NosSlider: markerPos = None
9.1597 	EXP 	NosSlider: contrast = 1.0
9.1597 	EXP 	NosSlider: autoLog = True
9.1597 	EXP 	NosSlider: styleTweaks = []
9.1597 	EXP 	NosSlider: style = 'rating'
9.1597 	EXP 	NosSlider: styleTweaks = []
9.1597 	EXP 	intro_1: autoDraw = True
9.6617 	DATA 	Keypress: space
9.6671 	EXP 	intro_1: autoDraw = False
9.6671 	EXP 	text_2: autoDraw = True
10.2381 	EXP 	Imported demoImageList.xlsx as conditions, 4 conditions, 3 params
10.2400 	EXP 	Created sequence: random, trialTypes=4, nReps=1, seed=None
10.2410 	EXP 	New trial (rep=0, index=0): {'ImageFile': 'images/Caucasian/baconEggCheese.jpg', 'ImageName': 'baconEggCheese.jpg', 'FoodType': 'DEMO'}
10.3255 	DATA 	Keypress: space
10.3475 	EXP 	text_2: autoDraw = False
10.3475 	EXP 	image: size = array([0.46296296, 0.46203704])
10.3475 	EXP 	image: image = 'images/Caucasian/baconEggCheese.jpg'
10.3475 	EXP 	FamSlider: markerPos = None
10.3475 	EXP 	FamSlider: markerPos = None
10.3475 	EXP 	FamSlider: rating = None
10.3475 	EXP 	ComfSlider: markerPos = None
10.3475 	EXP 	ComfSlider: markerPos = None
10.3475 	EXP 	ComfSlider: rating = None
10.3475 	EXP 	NosSlider: markerPos = None
10.3475 	EXP 	NosSlider: markerPos = None
10.3475 	EXP 	NosSlider: rating = None
10.3475 	EXP 	image: autoDraw = True
10.3475 	EXP 	FamQ: autoDraw = True
10.3475 	EXP 	FamSlider: autoDraw = True
10.3475 	EXP 	ComfQ: autoDraw = True
10.3475 	EXP 	ComfSlider: autoDraw = True
10.3475 	EXP 	NosQ: autoDraw = True
10.3475 	EXP 	NosSlider: autoDraw = True
18.2191 	EXP 	New trial (rep=0, index=1): {'ImageFile': 'images/Caucasian/balogneSandwhich.jpg', 'ImageName': 'balogneSandwhich.jpg', 'FoodType': 'DEMO'}
18.2694 	EXP 	image: autoDraw = False
18.2694 	EXP 	FamQ: autoDraw = False
18.2694 	EXP 	FamSlider: autoDraw = False
18.2694 	EXP 	ComfQ: autoDraw = False
18.2694 	EXP 	ComfSlider: autoDraw = False
18.2694 	EXP 	NosQ: autoDraw = False
18.2694 	EXP 	NosSlider: autoDraw = False
18.2694 	EXP 	image: size = array([0.46296296, 0.46296296])
18.2694 	EXP 	image: image = 'images/Caucasian/balogneSandwhich.jpg'
18.2694 	EXP 	FamSlider: markerPos = None
18.2694 	EXP 	FamSlider: markerPos = None
18.2694 	EXP 	FamSlider: rating = None
18.2694 	EXP 	ComfSlider: markerPos = None
18.2694 	EXP 	ComfSlider: markerPos = None
18.2694 	EXP 	ComfSlider: rating = None
18.2694 	EXP 	NosSlider: markerPos = None
18.2694 	EXP 	NosSlider: markerPos = None
18.2694 	EXP 	NosSlider: rating = None
18.2694 	EXP 	image: autoDraw = True
18.2694 	EXP 	FamQ: autoDraw = True
18.2694 	EXP 	FamSlider: autoDraw = True
18.2694 	EXP 	ComfQ: autoDraw = True
18.2694 	EXP 	ComfSlider: autoDraw = True
18.2694 	EXP 	NosQ: autoDraw = True
18.2694 	EXP 	NosSlider: autoDraw = True
22.1169 	DATA 	Keypress: escape
22.4330 	EXP 	window1: mouseVisible = True
