2.1983 	WARNING 	We strongly recommend you activate the PTB sound engine in PsychoPy prefs as the preferred audio engine. Its timing is vastly superior. Your prefs are currently set to use ['sounddevice', 'PTB', 'pyo', 'pygame'] (in that order).
21.7613 	ERROR 	'-1.0000, -1.0000, -1.0000' is not a valid rgb color
21.7747 	WARNING 	User requested fullscreen with size [1280  720], but screen is actually [1920, 1080]. Using actual size
23.7953 	EXP 	Created window1 = Window(allowGUI=False, allowStencil=False, autoLog=True, backendConf=UNKNOWN, bitsMode=UNKNOWN, blendMode='avg', bpc=(8, 8, 8), color=array([0, 0, 0]), colorSpace='rgb', depthBits=8, fullscr=<method-wrapper '__getattribute__' of attributeSetter object at 0x000001A07502ADD8>, gamma=None, gammaErrorPolicy='raise', lms=UNKNOWN, monitor=<psychopy.monitors.calibTools.Monitor object at 0x000001A075013278>, multiSample=False, name='window1', numSamples=2, pos=[0.0, 0.0], screen=0, size=array([1920, 1080]), stencilBits=0, stereo=False, units='height', useFBO=True, useRetina=False, viewOri=0.0, viewPos=None, viewScale=None, waitBlanking=True, winType='pyglet')
23.7959 	EXP 	window1: mouseVisible = True
23.7960 	EXP 	window1: recordFrameIntervals = False
23.9601 	EXP 	window1: recordFrameIntervals = True
24.1441 	EXP 	window1: recordFrameIntervals = False
24.7515 	EXP 	Created intro_1 = TextStim(__class__=<class 'psychopy.visual.text.TextStim'>, alignHoriz=method-wrapper(...), alignText='center', alignVert=method-wrapper(...), anchorHoriz='center', anchorVert='center', antialias=True, autoLog=True, bold=False, color=array([1., 1., 1.]), colorSpace='rgb', contrast=1.0, depth=0.0, flipHoriz=False, flipVert=False, font='Open Sans', fontFiles=[], height=0.035, italic=False, languageStyle='LTR', name='intro_1', opacity=1, ori=0.0, pos=array([0., 0.]), rgb=UNKNOWN, text=str(...), units='height', win=Window(...), wrapWidth=1)
24.7720 	EXP 	Created text_2 = TextStim(__class__=<class 'psychopy.visual.text.TextStim'>, alignHoriz=method-wrapper(...), alignText='center', alignVert=method-wrapper(...), anchorHoriz='center', anchorVert='center', antialias=True, autoLog=True, bold=False, color=array([1., 1., 1.]), colorSpace='rgb', contrast=1.0, depth=0.0, flipHoriz=False, flipVert=False, font='Open Sans', fontFiles=[], height=0.035, italic=False, languageStyle='LTR', name='text_2', opacity=1, ori=0.0, pos=array([0., 0.]), rgb=UNKNOWN, text=str(...), units='height', win=Window(...), wrapWidth=1)
24.7860 	EXP 	Created image = ImageStim(__class__=<class 'psychopy.visual.image.ImageStim'>, autoLog=True, color=array([1., 1., 1.]), colorSpace='rgb', contrast=1.0, depth=0.0, flipHoriz=False, flipVert=False, image='sin', interpolate=True, mask=None, maskParams=None, name='image', opacity=1, ori=0.0, pos=array([0.  , 0.26]), size=array([0.5, 0.5]), texRes=128.0, units='height', win=Window(...))
24.8029 	EXP 	Created FamQ = TextStim(__class__=<class 'psychopy.visual.text.TextStim'>, alignHoriz=method-wrapper(...), alignText='center', alignVert=method-wrapper(...), anchorHoriz='center', anchorVert='center', antialias=True, autoLog=True, bold=False, color=array([1., 1., 1.]), colorSpace='rgb', contrast=1.0, depth=-1.0, flipHoriz=False, flipVert=False, font='Open Sans', fontFiles=[], height=0.03, italic=False, languageStyle='LTR', name='FamQ', opacity=1, ori=0.0, pos=array([-0.5  , -0.025]), rgb=UNKNOWN, text='How familiar is this food item to you?', units='height', win=Window(...), wrapWidth=1)
24.8143 	EXP 	window1: mouseVisible = True
24.8360 	EXP 	Created FamSlider = Slider(__class__=<class 'psychopy.visual.slider.Slider'>, autoDraw=False, autoLog=True, borderColor=None, color=None, colorSpace='rgb', depth=-2, fillColor=None, flip=False, font='Open Sans', granularity=0.0, labelHeight=0.03, labelWrapWidth=None, labels=('Not at all', 'Extremely'), name='FamSlider', opacity=None, pos=(0.5, -0.025), readOnly=False, self=UNKNOWN, size=(0.4, 0.04), startValue=None, style=method-wrapper(...), styleTweaks=method-wrapper(...), ticks=array([1, 2, 3, 4, 5, 6, 7]), units='height', win=Window(...))
24.8490 	EXP 	Created ComfQ = TextStim(__class__=<class 'psychopy.visual.text.TextStim'>, alignHoriz=method-wrapper(...), alignText='center', alignVert=method-wrapper(...), anchorHoriz='center', anchorVert='center', antialias=True, autoLog=True, bold=False, color=array([1., 1., 1.]), colorSpace='rgb', contrast=1.0, depth=-3.0, flipHoriz=False, flipVert=False, font='Open Sans', fontFiles=[], height=0.03, italic=False, languageStyle='LTR', name='ComfQ', opacity=1, ori=0.0, pos=array([-0.4 , -0.24]), rgb=UNKNOWN, text=str(...), units='height', win=Window(...), wrapWidth=1)
24.8567 	EXP 	window1: mouseVisible = True
24.8712 	EXP 	Created ComfSlider = Slider(__class__=<class 'psychopy.visual.slider.Slider'>, autoDraw=False, autoLog=True, borderColor=None, color=None, colorSpace='rgb', depth=-4, fillColor=None, flip=False, font='Open Sans', granularity=0.0, labelHeight=0.03, labelWrapWidth=None, labels=('Not at all', 'Extremely'), name='ComfSlider', opacity=None, pos=(0.5, -0.22), readOnly=False, self=UNKNOWN, size=(0.4, 0.04), startValue=None, style=method-wrapper(...), styleTweaks=method-wrapper(...), ticks=array([1, 2, 3, 4, 5, 6, 7]), units='height', win=Window(...))
24.8822 	EXP 	Created NosQ = TextStim(__class__=<class 'psychopy.visual.text.TextStim'>, alignHoriz=method-wrapper(...), alignText='center', alignVert=method-wrapper(...), anchorHoriz='center', anchorVert='center', antialias=True, autoLog=True, bold=False, color=array([1., 1., 1.]), colorSpace='rgb', contrast=1.0, depth=-5.0, flipHoriz=False, flipVert=False, font='Open Sans', fontFiles=[], height=0.03, italic=False, languageStyle='LTR', name='NosQ', opacity=1, ori=0.0, pos=array([-0.39, -0.4 ]), rgb=UNKNOWN, text=str(...), units='height', win=Window(...), wrapWidth=1)
24.8896 	EXP 	window1: mouseVisible = True
24.9051 	EXP 	Created NosSlider = Slider(__class__=<class 'psychopy.visual.slider.Slider'>, autoDraw=False, autoLog=True, borderColor=None, color=None, colorSpace='rgb', depth=-6, fillColor=None, flip=False, font='Open Sans', granularity=0.0, labelHeight=0.03, labelWrapWidth=None, labels=('Not at all', 'Extremely'), name='NosSlider', opacity=None, pos=(0.5, -0.4), readOnly=False, self=UNKNOWN, size=(0.4, 0.04), startValue=None, style=method-wrapper(...), styleTweaks=method-wrapper(...), ticks=array([1, 2, 3, 4, 5, 6, 7]), units='height', win=Window(...))
24.9185 	EXP 	Created text_3 = TextStim(__class__=<class 'psychopy.visual.text.TextStim'>, alignHoriz=method-wrapper(...), alignText='center', alignVert=method-wrapper(...), anchorHoriz='center', anchorVert='center', antialias=True, autoLog=True, bold=False, color=array([1., 1., 1.]), colorSpace='rgb', contrast=1.0, depth=0.0, flipHoriz=False, flipVert=False, font='Open Sans', fontFiles=[], height=0.035, italic=False, languageStyle='LTR', name='text_3', opacity=1, ori=0.0, pos=array([0., 0.]), rgb=UNKNOWN, text=str(...), units='height', win=Window(...), wrapWidth=1)
24.9273 	EXP 	Created text = TextStim(__class__=<class 'psychopy.visual.text.TextStim'>, alignHoriz=method-wrapper(...), alignText='center', alignVert=method-wrapper(...), anchorHoriz='center', anchorVert='center', antialias=True, autoLog=True, bold=False, color=array([1., 1., 1.]), colorSpace='rgb', contrast=1.0, depth=0.0, flipHoriz=False, flipVert=False, font='Open Sans', fontFiles=[], height=0.1, italic=False, languageStyle='LTR', name='text', opacity=1, ori=0.0, pos=array([0., 0.]), rgb=UNKNOWN, text='+', units='height', win=Window(...), wrapWidth=1)
24.9311 	EXP 	Created image = ImageStim(__class__=<class 'psychopy.visual.image.ImageStim'>, autoLog=True, color=array([1., 1., 1.]), colorSpace='rgb', contrast=1.0, depth=0.0, flipHoriz=False, flipVert=False, image='sin', interpolate=True, mask=None, maskParams=None, name='image', opacity=1, ori=0.0, pos=array([0.  , 0.26]), size=array([0.5, 0.5]), texRes=128.0, units='height', win=Window(...))
24.9406 	EXP 	Created FamQ = TextStim(__class__=<class 'psychopy.visual.text.TextStim'>, alignHoriz=method-wrapper(...), alignText='center', alignVert=method-wrapper(...), anchorHoriz='center', anchorVert='center', antialias=True, autoLog=True, bold=False, color=array([1., 1., 1.]), colorSpace='rgb', contrast=1.0, depth=-1.0, flipHoriz=False, flipVert=False, font='Open Sans', fontFiles=[], height=0.03, italic=False, languageStyle='LTR', name='FamQ', opacity=1, ori=0.0, pos=array([-0.5  , -0.025]), rgb=UNKNOWN, text='How familiar is this food item to you?', units='height', win=Window(...), wrapWidth=1)
24.9491 	EXP 	window1: mouseVisible = True
24.9653 	EXP 	Created FamSlider = Slider(__class__=<class 'psychopy.visual.slider.Slider'>, autoDraw=False, autoLog=True, borderColor=None, color=None, colorSpace='rgb', depth=-2, fillColor=None, flip=False, font='Open Sans', granularity=0.0, labelHeight=0.03, labelWrapWidth=None, labels=('Not at all', 'Extremely'), name='FamSlider', opacity=None, pos=(0.5, -0.025), readOnly=False, self=UNKNOWN, size=(0.4, 0.04), startValue=None, style=method-wrapper(...), styleTweaks=method-wrapper(...), ticks=array([1, 2, 3, 4, 5, 6, 7]), units='height', win=Window(...))
24.9774 	EXP 	Created ComfQ = TextStim(__class__=<class 'psychopy.visual.text.TextStim'>, alignHoriz=method-wrapper(...), alignText='center', alignVert=method-wrapper(...), anchorHoriz='center', anchorVert='center', antialias=True, autoLog=True, bold=False, color=array([1., 1., 1.]), colorSpace='rgb', contrast=1.0, depth=-3.0, flipHoriz=False, flipVert=False, font='Open Sans', fontFiles=[], height=0.03, italic=False, languageStyle='LTR', name='ComfQ', opacity=1, ori=0.0, pos=array([-0.4 , -0.24]), rgb=UNKNOWN, text=str(...), units='height', win=Window(...), wrapWidth=1)
24.9859 	EXP 	window1: mouseVisible = True
25.0000 	EXP 	Created ComfSlider = Slider(__class__=<class 'psychopy.visual.slider.Slider'>, autoDraw=False, autoLog=True, borderColor=None, color=None, colorSpace='rgb', depth=-4, fillColor=None, flip=False, font='Open Sans', granularity=0.0, labelHeight=0.03, labelWrapWidth=None, labels=('Not at all', 'Extremely'), name='ComfSlider', opacity=None, pos=(0.5, -0.22), readOnly=False, self=UNKNOWN, size=(0.4, 0.04), startValue=None, style=method-wrapper(...), styleTweaks=method-wrapper(...), ticks=array([1, 2, 3, 4, 5, 6, 7]), units='height', win=Window(...))
25.0107 	EXP 	Created NosQ = TextStim(__class__=<class 'psychopy.visual.text.TextStim'>, alignHoriz=method-wrapper(...), alignText='center', alignVert=method-wrapper(...), anchorHoriz='center', anchorVert='center', antialias=True, autoLog=True, bold=False, color=array([1., 1., 1.]), colorSpace='rgb', contrast=1.0, depth=-5.0, flipHoriz=False, flipVert=False, font='Open Sans', fontFiles=[], height=0.03, italic=False, languageStyle='LTR', name='NosQ', opacity=1, ori=0.0, pos=array([-0.39, -0.4 ]), rgb=UNKNOWN, text=str(...), units='height', win=Window(...), wrapWidth=1)
25.0182 	EXP 	window1: mouseVisible = True
25.0316 	EXP 	Created NosSlider = Slider(__class__=<class 'psychopy.visual.slider.Slider'>, autoDraw=False, autoLog=True, borderColor=None, color=None, colorSpace='rgb', depth=-6, fillColor=None, flip=False, font='Open Sans', granularity=0.0, labelHeight=0.03, labelWrapWidth=None, labels=('Not at all', 'Extremely'), name='NosSlider', opacity=None, pos=(0.5, -0.4), readOnly=False, self=UNKNOWN, size=(0.4, 0.04), startValue=None, style=method-wrapper(...), styleTweaks=method-wrapper(...), ticks=array([1, 2, 3, 4, 5, 6, 7]), units='height', win=Window(...))
25.0706 	EXP 	FamSlider: autoLog = True
25.0706 	EXP 	FamSlider: markerPos = None
25.0706 	EXP 	FamSlider: rating = None
25.0706 	EXP 	FamSlider: markerPos = None
25.0706 	EXP 	FamSlider: contrast = 1.0
25.0706 	EXP 	FamSlider: autoLog = True
25.0706 	EXP 	FamSlider: styleTweaks = []
25.0706 	EXP 	FamSlider: style = 'rating'
25.0706 	EXP 	FamSlider: styleTweaks = []
25.0706 	EXP 	ComfSlider: autoLog = True
25.0706 	EXP 	ComfSlider: markerPos = None
25.0706 	EXP 	ComfSlider: rating = None
25.0706 	EXP 	ComfSlider: markerPos = None
25.0706 	EXP 	ComfSlider: contrast = 1.0
25.0706 	EXP 	ComfSlider: autoLog = True
25.0706 	EXP 	ComfSlider: styleTweaks = []
25.0706 	EXP 	ComfSlider: style = 'rating'
25.0706 	EXP 	ComfSlider: styleTweaks = []
25.0706 	EXP 	NosSlider: autoLog = True
25.0706 	EXP 	NosSlider: markerPos = None
25.0706 	EXP 	NosSlider: rating = None
25.0706 	EXP 	NosSlider: markerPos = None
25.0706 	EXP 	NosSlider: contrast = 1.0
25.0706 	EXP 	NosSlider: autoLog = True
25.0706 	EXP 	NosSlider: styleTweaks = []
25.0706 	EXP 	NosSlider: style = 'rating'
25.0706 	EXP 	NosSlider: styleTweaks = []
25.0706 	EXP 	FamSlider: autoLog = True
25.0706 	EXP 	FamSlider: markerPos = None
25.0706 	EXP 	FamSlider: rating = None
25.0706 	EXP 	FamSlider: markerPos = None
25.0706 	EXP 	FamSlider: contrast = 1.0
25.0706 	EXP 	FamSlider: autoLog = True
25.0706 	EXP 	FamSlider: styleTweaks = []
25.0706 	EXP 	FamSlider: style = 'rating'
25.0706 	EXP 	FamSlider: styleTweaks = []
25.0706 	EXP 	ComfSlider: autoLog = True
25.0706 	EXP 	ComfSlider: markerPos = None
25.0706 	EXP 	ComfSlider: rating = None
25.0706 	EXP 	ComfSlider: markerPos = None
25.0706 	EXP 	ComfSlider: contrast = 1.0
25.0706 	EXP 	ComfSlider: autoLog = True
25.0706 	EXP 	ComfSlider: styleTweaks = []
25.0706 	EXP 	ComfSlider: style = 'rating'
25.0706 	EXP 	ComfSlider: styleTweaks = []
25.0706 	EXP 	NosSlider: autoLog = True
25.0706 	EXP 	NosSlider: markerPos = None
25.0706 	EXP 	NosSlider: rating = None
25.0706 	EXP 	NosSlider: markerPos = None
25.0706 	EXP 	NosSlider: contrast = 1.0
25.0706 	EXP 	NosSlider: autoLog = True
25.0706 	EXP 	NosSlider: styleTweaks = []
25.0706 	EXP 	NosSlider: style = 'rating'
25.0706 	EXP 	NosSlider: styleTweaks = []
25.0706 	EXP 	intro_1: autoDraw = True
26.1862 	DATA 	Keypress: space
26.1916 	EXP 	intro_1: autoDraw = False
26.1916 	EXP 	text_2: autoDraw = True
26.7616 	EXP 	Imported demoImageList.xlsx as conditions, 4 conditions, 3 params
26.7625 	EXP 	Created sequence: random, trialTypes=4, nReps=1, seed=None
26.7631 	EXP 	New trial (rep=0, index=0): {'ImageFile': 'images/Caucasian/bagel.jpg', 'ImageName': 'bagel.jpg', 'FoodType': 'DEMO'}
26.8453 	DATA 	Keypress: space
26.8670 	EXP 	text_2: autoDraw = False
26.8670 	EXP 	image: size = array([0.46296296, 0.46296296])
26.8670 	EXP 	image: image = 'images/Caucasian/bagel.jpg'
26.8670 	EXP 	FamSlider: markerPos = None
26.8670 	EXP 	FamSlider: markerPos = None
26.8670 	EXP 	FamSlider: rating = None
26.8670 	EXP 	ComfSlider: markerPos = None
26.8670 	EXP 	ComfSlider: markerPos = None
26.8670 	EXP 	ComfSlider: rating = None
26.8670 	EXP 	NosSlider: markerPos = None
26.8670 	EXP 	NosSlider: markerPos = None
26.8670 	EXP 	NosSlider: rating = None
26.8670 	EXP 	image: autoDraw = True
26.8670 	EXP 	FamQ: autoDraw = True
26.8670 	EXP 	FamSlider: autoDraw = True
26.8670 	EXP 	ComfQ: autoDraw = True
26.8670 	EXP 	ComfSlider: autoDraw = True
26.8670 	EXP 	NosQ: autoDraw = True
26.8670 	EXP 	NosSlider: autoDraw = True
34.7811 	EXP 	New trial (rep=0, index=1): {'ImageFile': None, 'ImageName': None, 'FoodType': None}
34.8217 	EXP 	image: autoDraw = False
34.8217 	EXP 	FamQ: autoDraw = False
34.8217 	EXP 	FamSlider: autoDraw = False
34.8217 	EXP 	ComfQ: autoDraw = False
34.8217 	EXP 	ComfSlider: autoDraw = False
34.8217 	EXP 	NosQ: autoDraw = False
34.8217 	EXP 	NosSlider: autoDraw = False
34.8217 	EXP 	image: size = array([0.46296296, 0.46296296])
34.8217 	EXP 	image: image = None
34.8217 	EXP 	FamSlider: markerPos = None
34.8217 	EXP 	FamSlider: markerPos = None
34.8217 	EXP 	FamSlider: rating = None
34.8217 	EXP 	ComfSlider: markerPos = None
34.8217 	EXP 	ComfSlider: markerPos = None
34.8217 	EXP 	ComfSlider: rating = None
34.8217 	EXP 	NosSlider: markerPos = None
34.8217 	EXP 	NosSlider: markerPos = None
34.8217 	EXP 	NosSlider: rating = None
34.8217 	EXP 	image: autoDraw = True
34.8217 	EXP 	FamQ: autoDraw = True
34.8217 	EXP 	FamSlider: autoDraw = True
34.8217 	EXP 	ComfQ: autoDraw = True
34.8217 	EXP 	ComfSlider: autoDraw = True
34.8217 	EXP 	NosQ: autoDraw = True
34.8217 	EXP 	NosSlider: autoDraw = True
42.7797 	EXP 	New trial (rep=0, index=2): {'ImageFile': 'images/Caucasian/balogneSandwhich.jpg', 'ImageName': 'balogneSandwhich.jpg', 'FoodType': 'DEMO'}
42.8397 	EXP 	image: autoDraw = False
42.8397 	EXP 	FamQ: autoDraw = False
42.8397 	EXP 	FamSlider: autoDraw = False
42.8397 	EXP 	ComfQ: autoDraw = False
42.8397 	EXP 	ComfSlider: autoDraw = False
42.8397 	EXP 	NosQ: autoDraw = False
42.8397 	EXP 	NosSlider: autoDraw = False
42.8397 	EXP 	image: size = array([0.46296296, 0.46296296])
42.8397 	EXP 	image: image = 'images/Caucasian/balogneSandwhich.jpg'
42.8397 	EXP 	FamSlider: markerPos = None
42.8397 	EXP 	FamSlider: markerPos = None
42.8397 	EXP 	FamSlider: rating = None
42.8397 	EXP 	ComfSlider: markerPos = None
42.8397 	EXP 	ComfSlider: markerPos = None
42.8397 	EXP 	ComfSlider: rating = None
42.8397 	EXP 	NosSlider: markerPos = None
42.8397 	EXP 	NosSlider: markerPos = None
42.8397 	EXP 	NosSlider: rating = None
42.8397 	EXP 	image: autoDraw = True
42.8397 	EXP 	FamQ: autoDraw = True
42.8397 	EXP 	FamSlider: autoDraw = True
42.8397 	EXP 	ComfQ: autoDraw = True
42.8397 	EXP 	ComfSlider: autoDraw = True
42.8397 	EXP 	NosQ: autoDraw = True
42.8397 	EXP 	NosSlider: autoDraw = True
50.7680 	EXP 	New trial (rep=0, index=3): {'ImageFile': 'images/Caucasian/baconEggCheese.jpg', 'ImageName': 'baconEggCheese.jpg', 'FoodType': 'DEMO'}
50.8224 	EXP 	image: autoDraw = False
50.8224 	EXP 	FamQ: autoDraw = False
50.8224 	EXP 	FamSlider: autoDraw = False
50.8224 	EXP 	ComfQ: autoDraw = False
50.8224 	EXP 	ComfSlider: autoDraw = False
50.8224 	EXP 	NosQ: autoDraw = False
50.8224 	EXP 	NosSlider: autoDraw = False
50.8224 	EXP 	image: size = array([0.46296296, 0.46203704])
50.8224 	EXP 	image: image = 'images/Caucasian/baconEggCheese.jpg'
50.8224 	EXP 	FamSlider: markerPos = None
50.8224 	EXP 	FamSlider: markerPos = None
50.8224 	EXP 	FamSlider: rating = None
50.8224 	EXP 	ComfSlider: markerPos = None
50.8224 	EXP 	ComfSlider: markerPos = None
50.8224 	EXP 	ComfSlider: rating = None
50.8224 	EXP 	NosSlider: markerPos = None
50.8224 	EXP 	NosSlider: markerPos = None
50.8224 	EXP 	NosSlider: rating = None
50.8224 	EXP 	image: autoDraw = True
50.8224 	EXP 	FamQ: autoDraw = True
50.8224 	EXP 	FamSlider: autoDraw = True
50.8224 	EXP 	ComfQ: autoDraw = True
50.8224 	EXP 	ComfSlider: autoDraw = True
50.8224 	EXP 	NosQ: autoDraw = True
50.8224 	EXP 	NosSlider: autoDraw = True
52.4468 	DATA 	Keypress: escape
52.8032 	EXP 	window1: mouseVisible = True
