2.2180 	WARNING 	We strongly recommend you activate the PTB sound engine in PsychoPy prefs as the preferred audio engine. Its timing is vastly superior. Your prefs are currently set to use ['sounddevice', 'PTB', 'pyo', 'pygame'] (in that order).
14.6392 	WARNING 	User requested fullscreen with size [1280  720], but screen is actually [1920, 1080]. Using actual size
16.5464 	EXP 	Created window1 = Window(allowGUI=False, allowStencil=False, autoLog=True, backendConf=UNKNOWN, bitsMode=UNKNOWN, blendMode='avg', bpc=(8, 8, 8), color=array([-1., -1., -1.]), colorSpace='rgb', depthBits=8, fullscr=<method-wrapper '__getattribute__' of attributeSetter object at 0x000001B76090CDD8>, gamma=None, gammaErrorPolicy='raise', lms=UNKNOWN, monitor=<psychopy.monitors.calibTools.Monitor object at 0x000001B7608F42B0>, multiSample=False, name='window1', numSamples=2, pos=[0.0, 0.0], screen=0, size=array([1920, 1080]), stencilBits=0, stereo=False, units='height', useFBO=True, useRetina=False, viewOri=0.0, viewPos=None, viewScale=None, waitBlanking=True, winType='pyglet')
16.5471 	EXP 	window1: mouseVisible = True
16.5472 	EXP 	window1: recordFrameIntervals = False
16.7112 	EXP 	window1: recordFrameIntervals = True
16.8948 	EXP 	window1: recordFrameIntervals = False
17.5998 	EXP 	Created intro_1 = TextStim(__class__=<class 'psychopy.visual.text.TextStim'>, alignHoriz=method-wrapper(...), alignText='center', alignVert=method-wrapper(...), anchorHoriz='center', anchorVert='center', antialias=True, autoLog=True, bold=False, color=array([1., 1., 1.]), colorSpace='rgb', contrast=1.0, depth=0.0, flipHoriz=False, flipVert=False, font='Open Sans', fontFiles=[], height=0.035, italic=False, languageStyle='LTR', name='intro_1', opacity=1, ori=0.0, pos=array([0., 0.]), rgb=UNKNOWN, text=str(...), units='height', win=Window(...), wrapWidth=1)
17.6260 	EXP 	Created text_2 = TextStim(__class__=<class 'psychopy.visual.text.TextStim'>, alignHoriz=method-wrapper(...), alignText='center', alignVert=method-wrapper(...), anchorHoriz='center', anchorVert='center', antialias=True, autoLog=True, bold=False, color=array([1., 1., 1.]), colorSpace='rgb', contrast=1.0, depth=0.0, flipHoriz=False, flipVert=False, font='Open Sans', fontFiles=[], height=0.035, italic=False, languageStyle='LTR', name='text_2', opacity=1, ori=0.0, pos=array([0., 0.]), rgb=UNKNOWN, text=str(...), units='height', win=Window(...), wrapWidth=1)
17.6413 	EXP 	Created image = ImageStim(__class__=<class 'psychopy.visual.image.ImageStim'>, autoLog=True, color=array([1., 1., 1.]), colorSpace='rgb', contrast=1.0, depth=0.0, flipHoriz=False, flipVert=False, image='sin', interpolate=True, mask=None, maskParams=None, name='image', opacity=1, ori=0.0, pos=array([0. , 0.2]), size=array([0.5, 0.5]), texRes=128.0, units='height', win=Window(...))
17.6604 	EXP 	Created FamQ = TextStim(__class__=<class 'psychopy.visual.text.TextStim'>, alignHoriz=method-wrapper(...), alignText='center', alignVert=method-wrapper(...), anchorHoriz='center', anchorVert='center', antialias=True, autoLog=True, bold=False, color=array([1., 1., 1.]), colorSpace='rgb', contrast=1.0, depth=-1.0, flipHoriz=False, flipVert=False, font='Open Sans', fontFiles=[], height=0.03, italic=False, languageStyle='LTR', name='FamQ', opacity=1, ori=0.0, pos=array([-0.5 , -0.15]), rgb=UNKNOWN, text='How familiar is this food item to you?', units='height', win=Window(...), wrapWidth=1)
17.6732 	EXP 	window1: mouseVisible = True
17.7067 	EXP 	Created FamSlider = Slider(__class__=<class 'psychopy.visual.slider.Slider'>, autoDraw=False, autoLog=True, borderColor=None, color=None, colorSpace='rgb', depth=-2, fillColor=None, flip=False, font='Open Sans', granularity=0.0, labelHeight=0.025, labelWrapWidth=None, labels=('Not at all', 'Extremely'), name='FamSlider', opacity=None, pos=(0.5, -0.15), readOnly=False, self=UNKNOWN, size=(0.4, 0.04), startValue=None, style=method-wrapper(...), styleTweaks=method-wrapper(...), ticks=array([1, 2, 3, 4, 5, 6, 7]), units='height', win=Window(...))
17.7247 	EXP 	Created ComfQ = TextStim(__class__=<class 'psychopy.visual.text.TextStim'>, alignHoriz=method-wrapper(...), alignText='center', alignVert=method-wrapper(...), anchorHoriz='center', anchorVert='center', antialias=True, autoLog=True, bold=False, color=array([1., 1., 1.]), colorSpace='rgb', contrast=1.0, depth=-3.0, flipHoriz=False, flipVert=False, font='Open Sans', fontFiles=[], height=0.03, italic=False, languageStyle='LTR', name='ComfQ', opacity=1, ori=0.0, pos=array([-0.4 , -0.28]), rgb=UNKNOWN, text=str(...), units='height', win=Window(...), wrapWidth=1)
17.7341 	EXP 	window1: mouseVisible = True
17.7513 	EXP 	Created ComfSlider = Slider(__class__=<class 'psychopy.visual.slider.Slider'>, autoDraw=False, autoLog=True, borderColor=None, color=None, colorSpace='rgb', depth=-4, fillColor=None, flip=False, font='Open Sans', granularity=0.0, labelHeight=0.025, labelWrapWidth=None, labels=('Not at all', 'Extremely'), name='ComfSlider', opacity=None, pos=(0.5, -0.28), readOnly=False, self=UNKNOWN, size=(0.4, 0.04), startValue=None, style=method-wrapper(...), styleTweaks=method-wrapper(...), ticks=array([1, 2, 3, 4, 5, 6, 7]), units='height', win=Window(...))
17.7659 	EXP 	Created NosQ = TextStim(__class__=<class 'psychopy.visual.text.TextStim'>, alignHoriz=method-wrapper(...), alignText='center', alignVert=method-wrapper(...), anchorHoriz='center', anchorVert='center', antialias=True, autoLog=True, bold=False, color=array([1., 1., 1.]), colorSpace='rgb', contrast=1.0, depth=-5.0, flipHoriz=False, flipVert=False, font='Open Sans', fontFiles=[], height=0.03, italic=False, languageStyle='LTR', name='NosQ', opacity=1, ori=0.0, pos=array([-0.425, -0.4  ]), rgb=UNKNOWN, text=str(...), units='height', win=Window(...), wrapWidth=1)
17.7754 	EXP 	window1: mouseVisible = True
17.7933 	EXP 	Created NosSlider = Slider(__class__=<class 'psychopy.visual.slider.Slider'>, autoDraw=False, autoLog=True, borderColor=None, color=None, colorSpace='rgb', depth=-6, fillColor=None, flip=False, font='Open Sans', granularity=0.0, labelHeight=0.025, labelWrapWidth=None, labels=('Not at all', 'Extremely'), name='NosSlider', opacity=None, pos=(0.5, -0.4), readOnly=False, self=UNKNOWN, size=(0.4, 0.04), startValue=None, style=method-wrapper(...), styleTweaks=method-wrapper(...), ticks=array([1, 2, 3, 4, 5, 6, 7]), units='height', win=Window(...))
17.8195 	EXP 	Created text_3 = TextStim(__class__=<class 'psychopy.visual.text.TextStim'>, alignHoriz=method-wrapper(...), alignText='center', alignVert=method-wrapper(...), anchorHoriz='center', anchorVert='center', antialias=True, autoLog=True, bold=False, color=array([1., 1., 1.]), colorSpace='rgb', contrast=1.0, depth=0.0, flipHoriz=False, flipVert=False, font='Open Sans', fontFiles=[], height=0.035, italic=False, languageStyle='LTR', name='text_3', opacity=1, ori=0.0, pos=array([0., 0.]), rgb=UNKNOWN, text=str(...), units='height', win=Window(...), wrapWidth=1)
17.8273 	EXP 	Created text = TextStim(__class__=<class 'psychopy.visual.text.TextStim'>, alignHoriz=method-wrapper(...), alignText='center', alignVert=method-wrapper(...), anchorHoriz='center', anchorVert='center', antialias=True, autoLog=True, bold=False, color=array([1., 1., 1.]), colorSpace='rgb', contrast=1.0, depth=0.0, flipHoriz=False, flipVert=False, font='Open Sans', fontFiles=[], height=0.1, italic=False, languageStyle='LTR', name='text', opacity=1, ori=0.0, pos=array([0., 0.]), rgb=UNKNOWN, text='+', units='height', win=Window(...), wrapWidth=1)
17.8316 	EXP 	Created image = ImageStim(__class__=<class 'psychopy.visual.image.ImageStim'>, autoLog=True, color=array([1., 1., 1.]), colorSpace='rgb', contrast=1.0, depth=0.0, flipHoriz=False, flipVert=False, image='sin', interpolate=True, mask=None, maskParams=None, name='image', opacity=1, ori=0.0, pos=array([0. , 0.2]), size=array([0.5, 0.5]), texRes=128.0, units='height', win=Window(...))
17.8480 	EXP 	Created FamQ = TextStim(__class__=<class 'psychopy.visual.text.TextStim'>, alignHoriz=method-wrapper(...), alignText='center', alignVert=method-wrapper(...), anchorHoriz='center', anchorVert='center', antialias=True, autoLog=True, bold=False, color=array([1., 1., 1.]), colorSpace='rgb', contrast=1.0, depth=-1.0, flipHoriz=False, flipVert=False, font='Open Sans', fontFiles=[], height=0.03, italic=False, languageStyle='LTR', name='FamQ', opacity=1, ori=0.0, pos=array([-0.5 , -0.15]), rgb=UNKNOWN, text='How familiar is this food item to you?', units='height', win=Window(...), wrapWidth=1)
17.8568 	EXP 	window1: mouseVisible = True
17.8782 	EXP 	Created FamSlider = Slider(__class__=<class 'psychopy.visual.slider.Slider'>, autoDraw=False, autoLog=True, borderColor=None, color=None, colorSpace='rgb', depth=-2, fillColor=None, flip=False, font='Open Sans', granularity=0.0, labelHeight=0.025, labelWrapWidth=None, labels=('Not at all', 'Extremely'), name='FamSlider', opacity=None, pos=(0.5, -0.15), readOnly=False, self=UNKNOWN, size=(0.4, 0.04), startValue=None, style=method-wrapper(...), styleTweaks=method-wrapper(...), ticks=array([1, 2, 3, 4, 5, 6, 7]), units='height', win=Window(...))
17.8914 	EXP 	Created ComfQ = TextStim(__class__=<class 'psychopy.visual.text.TextStim'>, alignHoriz=method-wrapper(...), alignText='center', alignVert=method-wrapper(...), anchorHoriz='center', anchorVert='center', antialias=True, autoLog=True, bold=False, color=array([1., 1., 1.]), colorSpace='rgb', contrast=1.0, depth=-3.0, flipHoriz=False, flipVert=False, font='Open Sans', fontFiles=[], height=0.03, italic=False, languageStyle='LTR', name='ComfQ', opacity=1, ori=0.0, pos=array([-0.4 , -0.28]), rgb=UNKNOWN, text=str(...), units='height', win=Window(...), wrapWidth=1)
17.8992 	EXP 	window1: mouseVisible = True
17.9139 	EXP 	Created ComfSlider = Slider(__class__=<class 'psychopy.visual.slider.Slider'>, autoDraw=False, autoLog=True, borderColor=None, color=None, colorSpace='rgb', depth=-4, fillColor=None, flip=False, font='Open Sans', granularity=0.0, labelHeight=0.025, labelWrapWidth=None, labels=('Not at all', 'Extremely'), name='ComfSlider', opacity=None, pos=(0.5, -0.28), readOnly=False, self=UNKNOWN, size=(0.4, 0.04), startValue=None, style=method-wrapper(...), styleTweaks=method-wrapper(...), ticks=array([1, 2, 3, 4, 5, 6, 7]), units='height', win=Window(...))
17.9252 	EXP 	Created NosQ = TextStim(__class__=<class 'psychopy.visual.text.TextStim'>, alignHoriz=method-wrapper(...), alignText='center', alignVert=method-wrapper(...), anchorHoriz='center', anchorVert='center', antialias=True, autoLog=True, bold=False, color=array([1., 1., 1.]), colorSpace='rgb', contrast=1.0, depth=-5.0, flipHoriz=False, flipVert=False, font='Open Sans', fontFiles=[], height=0.03, italic=False, languageStyle='LTR', name='NosQ', opacity=1, ori=0.0, pos=array([-0.425, -0.4  ]), rgb=UNKNOWN, text=str(...), units='height', win=Window(...), wrapWidth=1)
17.9330 	EXP 	window1: mouseVisible = True
17.9470 	EXP 	Created NosSlider = Slider(__class__=<class 'psychopy.visual.slider.Slider'>, autoDraw=False, autoLog=True, borderColor=None, color=None, colorSpace='rgb', depth=-6, fillColor=None, flip=False, font='Open Sans', granularity=0.0, labelHeight=0.025, labelWrapWidth=None, labels=('Not at all', 'Extremely'), name='NosSlider', opacity=None, pos=(0.5, -0.4), readOnly=False, self=UNKNOWN, size=(0.4, 0.04), startValue=None, style=method-wrapper(...), styleTweaks=method-wrapper(...), ticks=array([1, 2, 3, 4, 5, 6, 7]), units='height', win=Window(...))
17.9920 	EXP 	FamSlider: autoLog = True
17.9920 	EXP 	FamSlider: markerPos = None
17.9920 	EXP 	FamSlider: rating = None
17.9920 	EXP 	FamSlider: markerPos = None
17.9920 	EXP 	FamSlider: contrast = 1.0
17.9920 	EXP 	FamSlider: autoLog = True
17.9920 	EXP 	FamSlider: styleTweaks = []
17.9920 	EXP 	FamSlider: style = 'rating'
17.9920 	EXP 	FamSlider: styleTweaks = []
17.9920 	EXP 	ComfSlider: autoLog = True
17.9920 	EXP 	ComfSlider: markerPos = None
17.9920 	EXP 	ComfSlider: rating = None
17.9920 	EXP 	ComfSlider: markerPos = None
17.9920 	EXP 	ComfSlider: contrast = 1.0
17.9920 	EXP 	ComfSlider: autoLog = True
17.9920 	EXP 	ComfSlider: styleTweaks = []
17.9920 	EXP 	ComfSlider: style = 'rating'
17.9920 	EXP 	ComfSlider: styleTweaks = []
17.9920 	EXP 	NosSlider: autoLog = True
17.9920 	EXP 	NosSlider: markerPos = None
17.9920 	EXP 	NosSlider: rating = None
17.9920 	EXP 	NosSlider: markerPos = None
17.9920 	EXP 	NosSlider: contrast = 1.0
17.9920 	EXP 	NosSlider: autoLog = True
17.9920 	EXP 	NosSlider: styleTweaks = []
17.9920 	EXP 	NosSlider: style = 'rating'
17.9920 	EXP 	NosSlider: styleTweaks = []
17.9920 	EXP 	FamSlider: autoLog = True
17.9920 	EXP 	FamSlider: markerPos = None
17.9920 	EXP 	FamSlider: rating = None
17.9920 	EXP 	FamSlider: markerPos = None
17.9920 	EXP 	FamSlider: contrast = 1.0
17.9920 	EXP 	FamSlider: autoLog = True
17.9920 	EXP 	FamSlider: styleTweaks = []
17.9920 	EXP 	FamSlider: style = 'rating'
17.9920 	EXP 	FamSlider: styleTweaks = []
17.9920 	EXP 	ComfSlider: autoLog = True
17.9920 	EXP 	ComfSlider: markerPos = None
17.9920 	EXP 	ComfSlider: rating = None
17.9920 	EXP 	ComfSlider: markerPos = None
17.9920 	EXP 	ComfSlider: contrast = 1.0
17.9920 	EXP 	ComfSlider: autoLog = True
17.9920 	EXP 	ComfSlider: styleTweaks = []
17.9920 	EXP 	ComfSlider: style = 'rating'
17.9920 	EXP 	ComfSlider: styleTweaks = []
17.9920 	EXP 	NosSlider: autoLog = True
17.9920 	EXP 	NosSlider: markerPos = None
17.9920 	EXP 	NosSlider: rating = None
17.9920 	EXP 	NosSlider: markerPos = None
17.9920 	EXP 	NosSlider: contrast = 1.0
17.9920 	EXP 	NosSlider: autoLog = True
17.9920 	EXP 	NosSlider: styleTweaks = []
17.9920 	EXP 	NosSlider: style = 'rating'
17.9920 	EXP 	NosSlider: styleTweaks = []
17.9920 	EXP 	intro_1: autoDraw = True
19.2881 	DATA 	Keypress: space
19.2923 	EXP 	intro_1: autoDraw = False
19.2923 	EXP 	text_2: autoDraw = True
21.1670 	EXP 	Imported demoImageList.xlsx as conditions, 3 conditions, 3 params
21.1686 	EXP 	Created sequence: random, trialTypes=3, nReps=1, seed=None
21.1696 	EXP 	New trial (rep=0, index=0): {'ImageFile': 'images/Caucasian/balogneSandwhich.jpg', 'ImageName': 'balogneSandwhich.jpg', 'FoodType': 'DEMO'}
21.2536 	DATA 	Keypress: space
21.2737 	EXP 	text_2: autoDraw = False
21.2737 	EXP 	image: size = array([0.46296296, 0.46296296])
21.2737 	EXP 	image: image = 'images/Caucasian/balogneSandwhich.jpg'
21.2737 	EXP 	FamSlider: markerPos = None
21.2737 	EXP 	FamSlider: markerPos = None
21.2737 	EXP 	FamSlider: rating = None
21.2737 	EXP 	ComfSlider: markerPos = None
21.2737 	EXP 	ComfSlider: markerPos = None
21.2737 	EXP 	ComfSlider: rating = None
21.2737 	EXP 	NosSlider: markerPos = None
21.2737 	EXP 	NosSlider: markerPos = None
21.2737 	EXP 	NosSlider: rating = None
21.2737 	EXP 	image: autoDraw = True
21.2737 	EXP 	FamQ: autoDraw = True
21.2737 	EXP 	FamSlider: autoDraw = True
21.2737 	EXP 	ComfQ: autoDraw = True
21.2737 	EXP 	ComfSlider: autoDraw = True
21.2737 	EXP 	NosQ: autoDraw = True
21.2737 	EXP 	NosSlider: autoDraw = True
22.8855 	DATA 	Mouse: Left button down, pos=(1490,388)
22.9144 	EXP 	FamSlider: markerPos = 3.86111119389534
22.9377 	EXP 	FamSlider: markerPos = 3.86111119389534
22.9617 	EXP 	FamSlider: markerPos = 3.86111119389534
22.9837 	DATA 	Mouse:  Left button up, pos=(1490,388)
22.9865 	EXP 	FamSlider: markerPos = 3.86111119389534
23.0113 	EXP 	FamSlider: markerPos = 3.86111119389534
23.0113 	EXP 	FamSlider: rating = 3.86111119389534
23.7098 	DATA 	Mouse: Left button down, pos=(1363,229)
23.7334 	EXP 	ComfSlider: markerPos = 2.097222149372101
23.7547 	EXP 	ComfSlider: markerPos = 2.097222149372101
23.7762 	EXP 	ComfSlider: markerPos = 2.097222149372101
23.7975 	EXP 	ComfSlider: markerPos = 2.097222149372101
23.8188 	EXP 	ComfSlider: markerPos = 2.097222149372101
23.8644 	DATA 	Mouse:  Left button up, pos=(1363,229)
23.8785 	EXP 	ComfSlider: markerPos = 2.097222149372101
23.9531 	EXP 	ComfSlider: markerPos = 2.097222149372101
23.9531 	EXP 	ComfSlider: rating = 2.097222149372101
24.5088 	DATA 	Mouse: Left button down, pos=(1579,107)
24.5588 	EXP 	NosSlider: markerPos = 5.0972219705581665
24.5887 	EXP 	NosSlider: markerPos = 5.0972219705581665
24.6185 	EXP 	NosSlider: markerPos = 5.0972219705581665
24.6463 	EXP 	NosSlider: markerPos = 5.0972219705581665
24.6681 	EXP 	NosSlider: markerPos = 5.0972219705581665
24.6903 	EXP 	NosSlider: markerPos = 5.0972219705581665
24.6994 	DATA 	Mouse:  Left button up, pos=(1579,107)
24.7157 	EXP 	NosSlider: markerPos = 5.0972219705581665
24.7157 	EXP 	NosSlider: rating = 5.0972219705581665
29.1542 	EXP 	New trial (rep=0, index=1): {'ImageFile': 'images/Caucasian/bagel.jpg', 'ImageName': 'bagel.jpg', 'FoodType': 'DEMO'}
29.2014 	EXP 	image: autoDraw = False
29.2014 	EXP 	FamQ: autoDraw = False
29.2014 	EXP 	FamSlider: autoDraw = False
29.2014 	EXP 	ComfQ: autoDraw = False
29.2014 	EXP 	ComfSlider: autoDraw = False
29.2014 	EXP 	NosQ: autoDraw = False
29.2014 	EXP 	NosSlider: autoDraw = False
29.2014 	EXP 	image: size = array([0.46296296, 0.46296296])
29.2014 	EXP 	image: image = 'images/Caucasian/bagel.jpg'
29.2014 	EXP 	FamSlider: markerPos = None
29.2014 	EXP 	FamSlider: markerPos = None
29.2014 	EXP 	FamSlider: rating = None
29.2014 	EXP 	ComfSlider: markerPos = None
29.2014 	EXP 	ComfSlider: markerPos = None
29.2014 	EXP 	ComfSlider: rating = None
29.2014 	EXP 	NosSlider: markerPos = None
29.2014 	EXP 	NosSlider: markerPos = None
29.2014 	EXP 	NosSlider: rating = None
29.2014 	EXP 	image: autoDraw = True
29.2014 	EXP 	FamQ: autoDraw = True
29.2014 	EXP 	FamSlider: autoDraw = True
29.2014 	EXP 	ComfQ: autoDraw = True
29.2014 	EXP 	ComfSlider: autoDraw = True
29.2014 	EXP 	NosQ: autoDraw = True
29.2014 	EXP 	NosSlider: autoDraw = True
37.1758 	EXP 	New trial (rep=0, index=2): {'ImageFile': 'images/Caucasian/baconEggCheese.jpg', 'ImageName': 'baconEggCheese.jpg', 'FoodType': 'DEMO'}
37.2475 	EXP 	image: autoDraw = False
37.2475 	EXP 	FamQ: autoDraw = False
37.2475 	EXP 	FamSlider: autoDraw = False
37.2475 	EXP 	ComfQ: autoDraw = False
37.2475 	EXP 	ComfSlider: autoDraw = False
37.2475 	EXP 	NosQ: autoDraw = False
37.2475 	EXP 	NosSlider: autoDraw = False
37.2475 	EXP 	image: size = array([0.46296296, 0.46203704])
37.2475 	EXP 	image: image = 'images/Caucasian/baconEggCheese.jpg'
37.2475 	EXP 	FamSlider: markerPos = None
37.2475 	EXP 	FamSlider: markerPos = None
37.2475 	EXP 	FamSlider: rating = None
37.2475 	EXP 	ComfSlider: markerPos = None
37.2475 	EXP 	ComfSlider: markerPos = None
37.2475 	EXP 	ComfSlider: rating = None
37.2475 	EXP 	NosSlider: markerPos = None
37.2475 	EXP 	NosSlider: markerPos = None
37.2475 	EXP 	NosSlider: rating = None
37.2475 	EXP 	image: autoDraw = True
37.2475 	EXP 	FamQ: autoDraw = True
37.2475 	EXP 	FamSlider: autoDraw = True
37.2475 	EXP 	ComfQ: autoDraw = True
37.2475 	EXP 	ComfSlider: autoDraw = True
37.2475 	EXP 	NosQ: autoDraw = True
37.2475 	EXP 	NosSlider: autoDraw = True
45.1685 	EXP 	image: autoDraw = False
45.1685 	EXP 	FamQ: autoDraw = False
45.1685 	EXP 	FamSlider: autoDraw = False
45.1685 	EXP 	ComfQ: autoDraw = False
45.1685 	EXP 	ComfSlider: autoDraw = False
45.1685 	EXP 	NosQ: autoDraw = False
45.1685 	EXP 	NosSlider: autoDraw = False
45.1685 	EXP 	text_3: autoDraw = True
137.0740 	EXP 	Imported C:/Experiment/imageList.xlsx as conditions, 220 conditions, 3 params
137.0750 	EXP 	Created sequence: random, trialTypes=220, nReps=1, seed=None
137.0753 	EXP 	New trial (rep=0, index=0): {'ImageFile': 'images/Indian/aloo_pakora.jpg', 'ImageName': 'aloo_pakora.jpg', 'FoodType': 'Indian'}
137.1300 	DATA 	Keypress: space
137.1430 	EXP 	text_3: autoDraw = False
137.1430 	EXP 	text: autoDraw = False
137.1430 	EXP 	image: size = array([0.46296296, 0.46296296])
137.1430 	EXP 	image: image = 'images/Indian/aloo_pakora.jpg'
137.1430 	EXP 	FamSlider: markerPos = None
137.1430 	EXP 	FamSlider: markerPos = None
137.1430 	EXP 	FamSlider: rating = None
137.1430 	EXP 	ComfSlider: markerPos = None
137.1430 	EXP 	ComfSlider: markerPos = None
137.1430 	EXP 	ComfSlider: rating = None
137.1430 	EXP 	NosSlider: markerPos = None
137.1430 	EXP 	NosSlider: markerPos = None
137.1430 	EXP 	NosSlider: rating = None
137.1430 	EXP 	image: autoDraw = True
137.1430 	EXP 	FamQ: autoDraw = True
137.1430 	EXP 	FamSlider: autoDraw = True
137.1430 	EXP 	ComfQ: autoDraw = True
137.1430 	EXP 	ComfSlider: autoDraw = True
137.1430 	EXP 	NosQ: autoDraw = True
137.1430 	EXP 	NosSlider: autoDraw = True
138.6225 	DATA 	Mouse: Left button down, pos=(1494,380)
138.6546 	EXP 	FamSlider: markerPos = 3.9166664481163025
138.7072 	EXP 	FamSlider: markerPos = 3.9166664481163025
138.7493 	DATA 	Mouse:  Left button up, pos=(1494,380)
138.7620 	EXP 	FamSlider: markerPos = 3.9166664481163025
138.8235 	EXP 	FamSlider: markerPos = 3.9166664481163025
138.8235 	EXP 	FamSlider: rating = 3.9166664481163025
139.4884 	DATA 	Mouse: Left button down, pos=(1356,238)
139.5014 	EXP 	ComfSlider: markerPos = 2.0000001192092896
139.5231 	EXP 	ComfSlider: markerPos = 2.0000001192092896
139.5475 	EXP 	ComfSlider: markerPos = 2.0000001192092896
139.5700 	EXP 	ComfSlider: markerPos = 2.0000001192092896
139.5931 	EXP 	ComfSlider: markerPos = 2.0000001192092896
139.5979 	DATA 	Mouse:  Left button up, pos=(1356,238)
139.6200 	EXP 	ComfSlider: markerPos = 2.0000001192092896
139.6200 	EXP 	ComfSlider: rating = 2.0000001192092896
140.4961 	DATA 	Mouse: Left button down, pos=(1563,119)
140.5054 	EXP 	NosSlider: markerPos = 4.875000059604645
140.5266 	EXP 	NosSlider: markerPos = 4.875000059604645
140.5489 	EXP 	NosSlider: markerPos = 4.875000059604645
140.5710 	EXP 	NosSlider: markerPos = 4.875000059604645
140.5936 	EXP 	NosSlider: markerPos = 4.875000059604645
140.6137 	DATA 	Mouse:  Left button up, pos=(1563,119)
140.6164 	EXP 	NosSlider: markerPos = 4.875000059604645
140.6400 	EXP 	NosSlider: markerPos = 4.875000059604645
140.6400 	EXP 	NosSlider: rating = 4.875000059604645
145.1530 	EXP 	New trial (rep=0, index=1): {'ImageFile': 'images/Indian/kerala-fish-curry.jpg', 'ImageName': 'kerala-fish-curry.jpg', 'FoodType': 'Indian'}
145.2467 	EXP 	image: autoDraw = False
145.2467 	EXP 	FamQ: autoDraw = False
145.2467 	EXP 	FamSlider: autoDraw = False
145.2467 	EXP 	ComfQ: autoDraw = False
145.2467 	EXP 	ComfSlider: autoDraw = False
145.2467 	EXP 	NosQ: autoDraw = False
145.2467 	EXP 	NosSlider: autoDraw = False
145.2467 	EXP 	image: autoDraw = False
145.2467 	EXP 	FamQ: autoDraw = False
145.2467 	EXP 	FamSlider: autoDraw = False
145.2467 	EXP 	ComfQ: autoDraw = False
145.2467 	EXP 	ComfSlider: autoDraw = False
145.2467 	EXP 	NosQ: autoDraw = False
145.2467 	EXP 	NosSlider: autoDraw = False
145.2467 	EXP 	text: autoDraw = False
145.2467 	EXP 	image: size = array([0.46296296, 0.46296296])
145.2467 	EXP 	image: image = 'images/Indian/kerala-fish-curry.jpg'
145.2467 	EXP 	FamSlider: markerPos = None
145.2467 	EXP 	FamSlider: markerPos = None
145.2467 	EXP 	FamSlider: rating = None
145.2467 	EXP 	ComfSlider: markerPos = None
145.2467 	EXP 	ComfSlider: markerPos = None
145.2467 	EXP 	ComfSlider: rating = None
145.2467 	EXP 	NosSlider: markerPos = None
145.2467 	EXP 	NosSlider: markerPos = None
145.2467 	EXP 	NosSlider: rating = None
145.2467 	EXP 	image: autoDraw = True
145.2467 	EXP 	FamQ: autoDraw = True
145.2467 	EXP 	FamSlider: autoDraw = True
145.2467 	EXP 	ComfQ: autoDraw = True
145.2467 	EXP 	ComfSlider: autoDraw = True
145.2467 	EXP 	NosQ: autoDraw = True
145.2467 	EXP 	NosSlider: autoDraw = True
146.0504 	DATA 	Mouse: Left button down, pos=(1710,381)
146.0960 	EXP 	FamSlider: markerPos = 6.916666269302368
146.1472 	EXP 	FamSlider: markerPos = 6.916666269302368
146.2008 	DATA 	Mouse:  Left button up, pos=(1710,381)
146.2039 	EXP 	FamSlider: markerPos = 6.916666269302368
146.2691 	EXP 	FamSlider: markerPos = 6.916666269302368
146.2691 	EXP 	FamSlider: rating = 6.916666269302368
146.8030 	DATA 	Mouse: Left button down, pos=(1432,261)
146.8642 	EXP 	ComfSlider: markerPos = 3.055555760860443
146.8859 	DATA 	Mouse:  Left button up, pos=(1432,261)
146.9270 	EXP 	ComfSlider: markerPos = 3.055555760860443
146.9270 	EXP 	ComfSlider: rating = 3.055555760860443
147.6899 	DATA 	Mouse: Left button down, pos=(1290,118)
147.7161 	EXP 	NosSlider: markerPos = 1.083333283662796
147.7548 	EXP 	NosSlider: markerPos = 1.083333283662796
147.7760 	DATA 	Mouse:  Left button up, pos=(1290,118)
147.7911 	EXP 	NosSlider: markerPos = 1.083333283662796
147.7911 	EXP 	NosSlider: rating = 1.083333283662796
153.2609 	EXP 	New trial (rep=0, index=2): {'ImageFile': 'images/Indian/upma.jpg', 'ImageName': 'upma.jpg', 'FoodType': 'Indian'}
153.3339 	EXP 	image: autoDraw = False
153.3339 	EXP 	FamQ: autoDraw = False
153.3339 	EXP 	FamSlider: autoDraw = False
153.3339 	EXP 	ComfQ: autoDraw = False
153.3339 	EXP 	ComfSlider: autoDraw = False
153.3339 	EXP 	NosQ: autoDraw = False
153.3339 	EXP 	NosSlider: autoDraw = False
153.3339 	EXP 	image: autoDraw = False
153.3339 	EXP 	FamQ: autoDraw = False
153.3339 	EXP 	FamSlider: autoDraw = False
153.3339 	EXP 	ComfQ: autoDraw = False
153.3339 	EXP 	ComfSlider: autoDraw = False
153.3339 	EXP 	NosQ: autoDraw = False
153.3339 	EXP 	NosSlider: autoDraw = False
153.3339 	EXP 	text: autoDraw = False
153.3339 	EXP 	image: size = array([0.46296296, 0.46296296])
153.3339 	EXP 	image: image = 'images/Indian/upma.jpg'
153.3339 	EXP 	FamSlider: markerPos = None
153.3339 	EXP 	FamSlider: markerPos = None
153.3339 	EXP 	FamSlider: rating = None
153.3339 	EXP 	ComfSlider: markerPos = None
153.3339 	EXP 	ComfSlider: markerPos = None
153.3339 	EXP 	ComfSlider: rating = None
153.3339 	EXP 	NosSlider: markerPos = None
153.3339 	EXP 	NosSlider: markerPos = None
153.3339 	EXP 	NosSlider: rating = None
153.3339 	EXP 	image: autoDraw = True
153.3339 	EXP 	FamQ: autoDraw = True
153.3339 	EXP 	FamSlider: autoDraw = True
153.3339 	EXP 	ComfQ: autoDraw = True
153.3339 	EXP 	ComfSlider: autoDraw = True
153.3339 	EXP 	NosQ: autoDraw = True
153.3339 	EXP 	NosSlider: autoDraw = True
153.5974 	DATA 	Mouse: Left button down, pos=(1291,383)
153.6424 	EXP 	FamSlider: markerPos = 1.0972222089767456
153.6804 	EXP 	FamSlider: markerPos = 1.0972222089767456
153.7126 	DATA 	Mouse:  Left button up, pos=(1291,383)
153.7233 	EXP 	FamSlider: markerPos = 1.0972222089767456
153.7659 	EXP 	FamSlider: markerPos = 1.0972222089767456
153.7659 	EXP 	FamSlider: rating = 1.0972222089767456
154.4794 	DATA 	Mouse: Left button down, pos=(1440,235)
154.4950 	EXP 	ComfSlider: markerPos = 3.166666716337204
154.5224 	EXP 	ComfSlider: markerPos = 3.166666716337204
154.5500 	EXP 	ComfSlider: markerPos = 3.166666716337204
154.5804 	EXP 	ComfSlider: markerPos = 3.166666716337204
154.6157 	EXP 	ComfSlider: markerPos = 3.5694446563720703
154.6550 	EXP 	ComfSlider: markerPos = 3.9583332240581512
154.6971 	EXP 	ComfSlider: markerPos = 4.583333075046539
154.7373 	EXP 	ComfSlider: markerPos = 4.9861114621162415
154.7597 	EXP 	ComfSlider: markerPos = 5.152777671813965
154.7819 	EXP 	ComfSlider: markerPos = 5.3055554032325745
154.8036 	EXP 	ComfSlider: markerPos = 5.361111104488373
154.8258 	EXP 	ComfSlider: markerPos = 5.374999582767487
154.8512 	EXP 	ComfSlider: markerPos = 5.388888955116272
154.8793 	EXP 	ComfSlider: markerPos = 5.416666805744171
154.9064 	EXP 	ComfSlider: markerPos = 5.430555284023285
154.9331 	EXP 	ComfSlider: markerPos = 5.430555284023285
154.9512 	DATA 	Mouse:  Left button up, pos=(1603,206)
154.9568 	EXP 	ComfSlider: markerPos = 5.430555284023285
154.9798 	EXP 	ComfSlider: markerPos = 5.430555284023285
154.9798 	EXP 	ComfSlider: rating = 5.430555284023285
155.6971 	DATA 	Mouse: Left button down, pos=(1402,99)
155.7102 	EXP 	NosSlider: markerPos = 2.638888895511627
155.7428 	EXP 	NosSlider: markerPos = 2.638888895511627
155.7758 	EXP 	NosSlider: markerPos = 2.638888895511627
155.8095 	EXP 	NosSlider: markerPos = 2.638888895511627
155.8420 	EXP 	NosSlider: markerPos = 2.638888895511627
155.8753 	DATA 	Mouse:  Left button up, pos=(1402,99)
155.8782 	EXP 	NosSlider: markerPos = 2.638888895511627
155.9157 	EXP 	NosSlider: markerPos = 2.638888895511627
155.9157 	EXP 	NosSlider: rating = 2.638888895511627
161.3470 	EXP 	New trial (rep=0, index=3): {'ImageFile': 'images/Indian/samosa.jpg', 'ImageName': 'samosa.jpg', 'FoodType': 'Indian'}
161.4249 	EXP 	image: autoDraw = False
161.4249 	EXP 	FamQ: autoDraw = False
161.4249 	EXP 	FamSlider: autoDraw = False
161.4249 	EXP 	ComfQ: autoDraw = False
161.4249 	EXP 	ComfSlider: autoDraw = False
161.4249 	EXP 	NosQ: autoDraw = False
161.4249 	EXP 	NosSlider: autoDraw = False
161.4249 	EXP 	image: autoDraw = False
161.4249 	EXP 	FamQ: autoDraw = False
161.4249 	EXP 	FamSlider: autoDraw = False
161.4249 	EXP 	ComfQ: autoDraw = False
161.4249 	EXP 	ComfSlider: autoDraw = False
161.4249 	EXP 	NosQ: autoDraw = False
161.4249 	EXP 	NosSlider: autoDraw = False
161.4249 	EXP 	text: autoDraw = False
161.4249 	EXP 	image: size = array([0.46296296, 0.46388889])
161.4249 	EXP 	image: image = 'images/Indian/samosa.jpg'
161.4249 	EXP 	FamSlider: markerPos = None
161.4249 	EXP 	FamSlider: markerPos = None
161.4249 	EXP 	FamSlider: rating = None
161.4249 	EXP 	ComfSlider: markerPos = None
161.4249 	EXP 	ComfSlider: markerPos = None
161.4249 	EXP 	ComfSlider: rating = None
161.4249 	EXP 	NosSlider: markerPos = None
161.4249 	EXP 	NosSlider: markerPos = None
161.4249 	EXP 	NosSlider: rating = None
161.4249 	EXP 	image: autoDraw = True
161.4249 	EXP 	FamQ: autoDraw = True
161.4249 	EXP 	FamSlider: autoDraw = True
161.4249 	EXP 	ComfQ: autoDraw = True
161.4249 	EXP 	ComfSlider: autoDraw = True
161.4249 	EXP 	NosQ: autoDraw = True
161.4249 	EXP 	NosSlider: autoDraw = True
161.8758 	DATA 	Mouse: Left button down, pos=(1439,377)
161.8991 	EXP 	FamSlider: markerPos = 3.1527777910232544
161.9226 	EXP 	FamSlider: markerPos = 3.1527777910232544
161.9458 	EXP 	FamSlider: markerPos = 3.1527777910232544
161.9679 	EXP 	FamSlider: markerPos = 3.1527777910232544
161.9900 	DATA 	Mouse:  Left button up, pos=(1439,377)
161.9927 	EXP 	FamSlider: markerPos = 3.1527777910232544
162.0172 	EXP 	FamSlider: markerPos = 3.1527777910232544
162.0172 	EXP 	FamSlider: rating = 3.1527777910232544
162.6607 	DATA 	Mouse: Left button down, pos=(1285,278)
162.7770 	DATA 	Mouse:  Left button up, pos=(1285,278)
163.5600 	DATA 	Mouse: Left button down, pos=(1281,261)
163.5974 	EXP 	ComfSlider: markerPos = 0.9583334028720856
163.6286 	EXP 	ComfSlider: markerPos = 0.9583334028720856
163.6408 	DATA 	Mouse:  Left button up, pos=(1281,261)
163.6624 	EXP 	ComfSlider: markerPos = 1
163.6624 	EXP 	ComfSlider: rating = 1
164.3414 	DATA 	Mouse: Left button down, pos=(1566,113)
164.3959 	EXP 	NosSlider: markerPos = 4.916666388511658
164.4185 	DATA 	Mouse:  Left button up, pos=(1566,113)
164.4368 	EXP 	NosSlider: markerPos = 4.916666388511658
164.4368 	EXP 	NosSlider: rating = 4.916666388511658
169.4338 	EXP 	New trial (rep=0, index=4): {'ImageFile': 'images/Indian/chickenKarahi2.jpg', 'ImageName': 'chickenKarahi2.jpg', 'FoodType': 'Indian'}
169.5030 	EXP 	image: autoDraw = False
169.5030 	EXP 	FamQ: autoDraw = False
169.5030 	EXP 	FamSlider: autoDraw = False
169.5030 	EXP 	ComfQ: autoDraw = False
169.5030 	EXP 	ComfSlider: autoDraw = False
169.5030 	EXP 	NosQ: autoDraw = False
169.5030 	EXP 	NosSlider: autoDraw = False
169.5030 	EXP 	image: autoDraw = False
169.5030 	EXP 	FamQ: autoDraw = False
169.5030 	EXP 	FamSlider: autoDraw = False
169.5030 	EXP 	ComfQ: autoDraw = False
169.5030 	EXP 	ComfSlider: autoDraw = False
169.5030 	EXP 	NosQ: autoDraw = False
169.5030 	EXP 	NosSlider: autoDraw = False
169.5030 	EXP 	text: autoDraw = False
169.5030 	EXP 	image: size = array([0.46296296, 0.46296296])
169.5030 	EXP 	image: image = 'images/Indian/chickenKarahi2.jpg'
169.5030 	EXP 	FamSlider: markerPos = None
169.5030 	EXP 	FamSlider: markerPos = None
169.5030 	EXP 	FamSlider: rating = None
169.5030 	EXP 	ComfSlider: markerPos = None
169.5030 	EXP 	ComfSlider: markerPos = None
169.5030 	EXP 	ComfSlider: rating = None
169.5030 	EXP 	NosSlider: markerPos = None
169.5030 	EXP 	NosSlider: markerPos = None
169.5030 	EXP 	NosSlider: rating = None
169.5030 	EXP 	image: autoDraw = True
169.5030 	EXP 	FamQ: autoDraw = True
169.5030 	EXP 	FamSlider: autoDraw = True
169.5030 	EXP 	ComfQ: autoDraw = True
169.5030 	EXP 	ComfSlider: autoDraw = True
169.5030 	EXP 	NosQ: autoDraw = True
169.5030 	EXP 	NosSlider: autoDraw = True
169.6308 	DATA 	Keypress: escape
169.9107 	EXP 	window1: mouseVisible = True
